#
# A fatal error has been detected by the Java Runtime Environment:
#
#  SIGSEGV (0xb) at pc=0x00007fff91d48091, pid=22006, tid=48647
#
# JRE version: Java(TM) SE Runtime Environment (8.0_20-b26) (build 1.8.0_20-b26)
# Java VM: Java HotSpot(TM) 64-Bit Server VM (25.20-b23 mixed mode bsd-amd64 compressed oops)
# Problematic frame:
# C  [libobjc.A.dylib+0x5091]  objc_msgSend+0x11
#
# Failed to write core dump. Core dumps have been disabled. To enable core dumping, try "ulimit -c unlimited" before starting Java again
#
# If you would like to submit a bug report, please visit:
#   http://bugreport.sun.com/bugreport/crash.jsp
# The crash happened outside the Java Virtual Machine in native code.
# See problematic frame for where to report the bug.
#

---------------  T H R E A D  ---------------

Current thread (0x00007f9c7b120000):  JavaThread "Java2D Queue Flusher" daemon [_thread_in_native, id=48647, stack(0x0000000128a4f000,0x0000000128b4f000)]

siginfo: si_signo: 11 (SIGSEGV), si_code: 0 (unknown), si_addr: 0x0000000000000000

Registers:
RAX=0x00007f9c7b121000, RBX=0x00007f9c7b1201e8, RCX=0x00007f9c7b121040, RDX=0x00000000a1a1a1a1
RSP=0x0000000128b4e7f8, RBP=0x0000000128b4e820, RSI=0x00007fff8b651718, RDI=0x7000000000000000
R8 =0x00000000f400e183, R9 =0x0000000000000000, R10=0x0000000111cf82b8, R11=0x0000000000000020
R12=0x00007f9c7b121038, R13=0x00000007a0070cd8, R14=0x00007f9c801b1160, R15=0x00007f9c7ceeec60
RIP=0x00007fff91d48091, EFLAGS=0x0000000000010246, ERR=0x0000000000000000
  TRAPNO=0x000000000000000d

Top of Stack: (sp=0x0000000128b4e7f8)
0x0000000128b4e7f8:   00000001245574ea 00007f9c801b80c0
0x0000000128b4e808:   0000000000000000 00007f9c7b117810
0x0000000128b4e818:   00007f9c7b120000 0000000128b4e8a0
0x0000000128b4e828:   00000001245775ae 0000000000000064
0x0000000128b4e838:   00007f9c7a5a3418 0000000128b4e8a0
0x0000000128b4e848:   000000011072bd39 0000000000000005
0x0000000128b4e858:   00007f9c7b120000 00000007a0070c01
0x0000000128b4e868:   00007f9c7b117820 0000000100b4e800
0x0000000128b4e878:   00007f9c7b1201e8 0000000000000000
0x0000000128b4e888:   0000000000000000 0000000128b4e830
0x0000000128b4e898:   00007f9c7b120000 0000000128b4e8f0
0x0000000128b4e8a8:   0000000111cf832a 00000007a0070c00
0x0000000128b4e8b8:   0000000100000001 0000000122454c28
0x0000000128b4e8c8:   0000000000000000 0000000122454b30
0x0000000128b4e8d8:   0000000000000000 0000000128b4e900
0x0000000128b4e8e8:   00000000f400e184 00000000f400e180
0x0000000128b4e8f8:   0000000112d004f0 00000007a0070c00
0x0000000128b4e908:   0000000000000000 00000007a0070cd8
0x0000000128b4e918:   f40814e600000000 00000007a0070cd8
0x0000000128b4e928:   00000000f400e19f 0000000128b4e960
0x0000000128b4e938:   0000000128b4e9d0 0000000000000001
0x0000000128b4e948:   0000000000000000 0000000128b4e9d0
0x0000000128b4e958:   000000011131b4e7 00000007a0070d80
0x0000000128b4e968:   00000007a0070f60 0000000100001fa0
0x0000000128b4e978:   000000000000000a 00007f9c7b120000
0x0000000128b4e988:   0000000000000001 000000011131b45f
0x0000000128b4e998:   00000001223af5f0 0000000128b4ea68
0x0000000128b4e9a8:   0000000128b4ed00 000000010000000a
0x0000000128b4e9b8:   00000001223af5f0 000000011132bde0
0x0000000128b4e9c8:   0000000128b4ec70 0000000128b4eb80
0x0000000128b4e9d8:   00000001106d429e 0000000100000001
0x0000000128b4e9e8:   00007f9c7b120000 00007f9c7b120000 

Instructions: (pc=0x00007fff91d48091)
0x00007fff91d48071:   90 90 90 90 90 90 90 90 90 90 90 90 90 90 90 48
0x00007fff91d48081:   85 ff 2e 74 72 40 f6 c7 01 2e 0f 85 7e 00 00 00
0x00007fff91d48091:   4c 8b 1f 49 89 f2 45 23 53 18 49 c1 e2 04 4d 03
0x00007fff91d480a1:   53 10 49 3b 32 75 04 41 ff 62 08 49 83 3a 00 74 

Register to memory mapping:

RAX=0x00007f9c7b121000 is an unknown value
RBX=0x00007f9c7b1201e8 is an unknown value
RCX=0x00007f9c7b121040 is an unknown value
RDX=0x00000000a1a1a1a1 is an unknown value
RSP=0x0000000128b4e7f8 is pointing into the stack for thread: 0x00007f9c7b120000
RBP=0x0000000128b4e820 is pointing into the stack for thread: 0x00007f9c7b120000
RSI=0x00007fff8b651718: NSAppKitVersionNumber+0x15108 in /System/Library/Frameworks/AppKit.framework/Versions/C/AppKit at 0x00007fff8abec000
RDI=0x7000000000000000 is an unknown value
R8 =0x00000000f400e183 is an unknown value
R9 =0x0000000000000000 is an unknown value
R10=0x0000000111cf82b8 is at entry_point+56 in (nmethod*)0x0000000111cf8110
R11=0x0000000000000020 is an unknown value
R12=0x00007f9c7b121038 is an unknown value
R13=0x00000007a0070cd8 is an oop
sun.java2d.opengl.OGLRenderQueue$QueueFlusher 
 - klass: 'sun/java2d/opengl/OGLRenderQueue$QueueFlusher'
R14=0x00007f9c801b1160 is an unknown value
R15=0x00007f9c7ceeec60 is an unknown value


Stack: [0x0000000128a4f000,0x0000000128b4f000],  sp=0x0000000128b4e7f8,  free space=1021k
Native frames: (J=compiled Java code, j=interpreted, Vv=VM code, C=native code)
C  [libobjc.A.dylib+0x5091]  objc_msgSend+0x11
C  [libawt_lwawt.dylib+0x3b5ae]  Java_sun_java2d_opengl_OGLRenderQueue_flushBuffer+0x63a
J 3654  sun.java2d.opengl.OGLRenderQueue.flushBuffer(JI)V (0 bytes) @ 0x0000000111cf832a [0x0000000111cf8280+0xaa]
J 9335% C2 sun.java2d.opengl.OGLRenderQueue$QueueFlusher.run()V (234 bytes) @ 0x0000000112d004f0 [0x0000000112d002a0+0x250]

Java frames: (J=compiled Java code, j=interpreted, Vv=VM code)
J 3654  sun.java2d.opengl.OGLRenderQueue.flushBuffer(JI)V (0 bytes) @ 0x0000000111cf82b8 [0x0000000111cf8280+0x38]
J 9335% C2 sun.java2d.opengl.OGLRenderQueue$QueueFlusher.run()V (234 bytes) @ 0x0000000112d004f0 [0x0000000112d002a0+0x250]
v  ~StubRoutines::call_stub

---------------  P R O C E S S  ---------------

Java Threads: ( => current thread )
  0x00007f9c7bdbc800 JavaThread "RMI RenewClean-[127.0.0.1:58068]" daemon [_thread_blocked, id=67187, stack(0x0000000135bac000,0x0000000135cac000)]
  0x00007f9c7aec6800 JavaThread "THREAD_EXECUTOR-13" [_thread_blocked, id=69895, stack(0x00000001356d5000,0x00000001357d5000)]
  0x00007f9c7b003000 JavaThread "DestroyJavaVM" [_thread_blocked, id=6403, stack(0x000000010fa48000,0x000000010fb48000)]
  0x00007f9c7c228000 JavaThread "RMI TCP Connection(13)-127.0.0.1" daemon [_thread_in_native, id=64559, stack(0x00000001329ee000,0x0000000132aee000)]
  0x00007f9c7badc000 JavaThread "RMI Reaper" [_thread_blocked, id=62755, stack(0x00000001326fa000,0x00000001327fa000)]
  0x00007f9c7bd02000 JavaThread "RMI TCP Accept-0" daemon [_thread_in_native, id=64903, stack(0x00000001325f7000,0x00000001326f7000)]
  0x00007f9c7c6db800 JavaThread "RMI Scheduler(0)" daemon [_thread_blocked, id=66063, stack(0x00000001324f4000,0x00000001325f4000)]
  0x00007f9c7bdfb000 JavaThread "GC Daemon" daemon [_thread_blocked, id=63559, stack(0x0000000132211000,0x0000000132311000)]
  0x00007f9c7b688800 JavaThread "process reaper" daemon [_thread_in_native, id=61955, stack(0x000000012e7f1000,0x000000012e819000)]
  0x00007f9c7aa27000 JavaThread "SwingWorker-pool-1-thread-4" daemon [_thread_blocked, id=58883, stack(0x000000012e676000,0x000000012e776000)]
  0x00007f9c7b36b000 JavaThread "SwingWorker-pool-1-thread-3" daemon [_thread_blocked, id=58167, stack(0x000000012e573000,0x000000012e673000)]
  0x00007f9c7c227000 JavaThread "SwingWorker-pool-1-thread-2" daemon [_thread_blocked, id=57143, stack(0x000000012e470000,0x000000012e570000)]
  0x00007f9c7b359000 JavaThread "SwingWorker-pool-1-thread-1" daemon [_thread_blocked, id=57879, stack(0x000000012e36d000,0x000000012e46d000)]
  0x00007f9c7b347800 JavaThread "TimerQueue" daemon [_thread_blocked, id=56591, stack(0x000000012decb000,0x000000012dfcb000)]
  0x00007f9c7b9bd000 JavaThread "Java2D Disposer" daemon [_thread_blocked, id=49715, stack(0x00000001297a1000,0x00000001298a1000)]
=>0x00007f9c7b120000 JavaThread "Java2D Queue Flusher" daemon [_thread_in_native, id=48647, stack(0x0000000128a4f000,0x0000000128b4f000)]
  0x00007f9c7b911000 JavaThread "AWT-EventQueue-0" [_thread_blocked, id=47111, stack(0x000000012894c000,0x0000000128a4c000)]
  0x00007f9c7b908800 JavaThread "AWT-Shutdown" [_thread_blocked, id=28683, stack(0x0000000125d50000,0x0000000125e50000)]
  0x00007f9c7c07a000 JavaThread "AppKit Thread" daemon [_thread_in_native, id=3335, stack(0x00007fff4facd000,0x00007fff502cd000)]
  0x00007f9c7c052800 JavaThread "Service Thread" daemon [_thread_blocked, id=19715, stack(0x000000012406c000,0x000000012416c000)]
  0x00007f9c7b037000 JavaThread "C1 CompilerThread2" daemon [_thread_blocked, id=19203, stack(0x0000000123f69000,0x0000000124069000)]
  0x00007f9c7b82f800 JavaThread "C2 CompilerThread1" daemon [_thread_blocked, id=18691, stack(0x0000000123e66000,0x0000000123f66000)]
  0x00007f9c7b82e000 JavaThread "C2 CompilerThread0" daemon [_thread_blocked, id=18179, stack(0x0000000123d63000,0x0000000123e63000)]
  0x00007f9c7b826000 JavaThread "Signal Dispatcher" daemon [_thread_blocked, id=17667, stack(0x0000000123c60000,0x0000000123d60000)]
  0x00007f9c7b807800 JavaThread "Finalizer" daemon [_thread_blocked, id=12547, stack(0x0000000123a1d000,0x0000000123b1d000)]
  0x00007f9c7a80f800 JavaThread "Reference Handler" daemon [_thread_blocked, id=12035, stack(0x000000012391a000,0x0000000123a1a000)]

Other Threads:
  0x00007f9c7b05c000 VMThread [stack: 0x0000000123817000,0x0000000123917000] [id=11523]
  0x00007f9c7b827000 WatcherThread [stack: 0x000000012416f000,0x000000012426f000] [id=20227]

VM state:not at safepoint (normal execution)

VM Mutex/Monitor currently owned by a thread: None

Heap:
 PSYoungGen      total 102912K, used 0K [0x00000007b5580000, 0x00000007bcc80000, 0x00000007c0000000)
  eden space 84992K, 0% used [0x00000007b5580000,0x00000007b5580000,0x00000007ba880000)
  from space 17920K, 0% used [0x00000007ba880000,0x00000007ba880000,0x00000007bba00000)
  to   space 18432K, 0% used [0x00000007bba80000,0x00000007bba80000,0x00000007bcc80000)
 ParOldGen       total 109056K, used 33245K [0x00000007a0000000, 0x00000007a6a80000, 0x00000007b5580000)
  object space 109056K, 30% used [0x00000007a0000000,0x00000007a2077620,0x00000007a6a80000)
 Metaspace       used 38579K, capacity 39234K, committed 39808K, reserved 1083392K
  class space    used 5098K, capacity 5343K, committed 5504K, reserved 1048576K

Card table byte_map: [0x00000001206db000,0x00000001207dc000] byte_map_base: 0x000000011c9db000

Marking Bits: (ParMarkBitMap*) 0x0000000110c9c330
 Begin Bits: [0x0000000120c93000, 0x0000000121493000)
 End Bits:   [0x0000000121493000, 0x0000000121c93000)

Polling page: 0x000000010fb8c000

CodeCache: size=245760Kb used=27939Kb max_used=28042Kb free=217820Kb
 bounds [0x000000011131b000, 0x0000000112ebb000, 0x000000012031b000]
 total_blobs=8477 nmethods=7829 adapters=559
 compilation: enabled

Compilation events (10 events):
Event: 21150.528 Thread 0x00007f9c7b037000 9748       3       sun.java2d.SurfaceData::invalidate (13 bytes)
Event: 21150.528 Thread 0x00007f9c7b037000 nmethod 9748 0x0000000112aa8750 code [0x0000000112aa88c0, 0x0000000112aa8b10]
Event: 21150.558 Thread 0x00007f9c7b037000 9749       3       sun.java2d.opengl.CGLLayer::getBounds (8 bytes)
Event: 21150.559 Thread 0x00007f9c7b037000 nmethod 9749 0x0000000112aa7050 code [0x0000000112aa7200, 0x0000000112aa7970]
Event: 21434.717 Thread 0x00007f9c7b037000 9750       3       java.net.SocketAddress::<init> (5 bytes)
Event: 21434.717 Thread 0x00007f9c7b037000 nmethod 9750 0x0000000112aa8390 code [0x0000000112aa8500, 0x0000000112aa86b0]
Event: 21434.717 Thread 0x00007f9c7b037000 9751       3       java.net.Socket::setImpl (52 bytes)
Event: 21434.718 Thread 0x00007f9c7b037000 nmethod 9751 0x0000000112aa6490 code [0x0000000112aa6660, 0x0000000112aa6dd8]
Event: 21434.718 Thread 0x00007f9c7b037000 9752   !   3       sun.net.NetProperties::get (21 bytes)
Event: 21434.719 Thread 0x00007f9c7b037000 nmethod 9752 0x0000000112aa5950 code [0x0000000112aa5b20, 0x0000000112aa6178]

GC Heap History (10 events):
Event: 14439.921 GC heap before
{Heap before GC invocations=37 (full 6):
 PSYoungGen      total 90624K, used 5235K [0x00000007b5580000, 0x00000007bcb80000, 0x00000007c0000000)
  eden space 84992K, 0% used [0x00000007b5580000,0x00000007b5580000,0x00000007ba880000)
  from space 5632K, 92% used [0x00000007ba880000,0x00000007bad9cc20,0x00000007bae00000)
  to   space 17920K, 0% used [0x00000007bba00000,0x00000007bba00000,0x00000007bcb80000)
 ParOldGen       total 109056K, used 29567K [0x00000007a0000000, 0x00000007a6a80000, 0x00000007b5580000)
  object space 109056K, 27% used [0x00000007a0000000,0x00000007a1cdfcc8,0x00000007a6a80000)
 Metaspace       used 38647K, capacity 39426K, committed 39808K, reserved 1083392K
  class space    used 5110K, capacity 5365K, committed 5504K, reserved 1048576K
Event: 14440.048 GC heap after
Heap after GC invocations=37 (full 6):
 PSYoungGen      total 90624K, used 0K [0x00000007b5580000, 0x00000007bcb80000, 0x00000007c0000000)
  eden space 84992K, 0% used [0x00000007b5580000,0x00000007b5580000,0x00000007ba880000)
  from space 5632K, 0% used [0x00000007ba880000,0x00000007ba880000,0x00000007bae00000)
  to   space 17920K, 0% used [0x00000007bba00000,0x00000007bba00000,0x00000007bcb80000)
 ParOldGen       total 109056K, used 30574K [0x00000007a0000000, 0x00000007a6a80000, 0x00000007b5580000)
  object space 109056K, 28% used [0x00000007a0000000,0x00000007a1ddbbc8,0x00000007a6a80000)
 Metaspace       used 38552K, capacity 39234K, committed 39808K, reserved 1083392K
  class space    used 5097K, capacity 5343K, committed 5504K, reserved 1048576K
}
Event: 18040.050 GC heap before
{Heap before GC invocations=38 (full 6):
 PSYoungGen      total 90624K, used 18088K [0x00000007b5580000, 0x00000007bcb80000, 0x00000007c0000000)
  eden space 84992K, 21% used [0x00000007b5580000,0x00000007b672a120,0x00000007ba880000)
  from space 5632K, 0% used [0x00000007ba880000,0x00000007ba880000,0x00000007bae00000)
  to   space 17920K, 0% used [0x00000007bba00000,0x00000007bba00000,0x00000007bcb80000)
 ParOldGen       total 109056K, used 30574K [0x00000007a0000000, 0x00000007a6a80000, 0x00000007b5580000)
  object space 109056K, 28% used [0x00000007a0000000,0x00000007a1ddbbc8,0x00000007a6a80000)
 Metaspace       used 38570K, capacity 39252K, committed 39808K, reserved 1083392K
  class space    used 5099K, capacity 5346K, committed 5504K, reserved 1048576K
Event: 18040.107 GC heap after
Heap after GC invocations=38 (full 6):
 PSYoungGen      total 102912K, used 128K [0x00000007b5580000, 0x00000007bcb80000, 0x00000007c0000000)
  eden space 84992K, 0% used [0x00000007b5580000,0x00000007b5580000,0x00000007ba880000)
  from space 17920K, 0% used [0x00000007bba00000,0x00000007bba20000,0x00000007bcb80000)
  to   space 17920K, 0% used [0x00000007ba880000,0x00000007ba880000,0x00000007bba00000)
 ParOldGen       total 109056K, used 30574K [0x00000007a0000000, 0x00000007a6a80000, 0x00000007b5580000)
  object space 109056K, 28% used [0x00000007a0000000,0x00000007a1ddbbc8,0x00000007a6a80000)
 Metaspace       used 38570K, capacity 39252K, committed 39808K, reserved 1083392K
  class space    used 5099K, capacity 5346K, committed 5504K, reserved 1048576K
}
Event: 18040.107 GC heap before
{Heap before GC invocations=39 (full 7):
 PSYoungGen      total 102912K, used 128K [0x00000007b5580000, 0x00000007bcb80000, 0x00000007c0000000)
  eden space 84992K, 0% used [0x00000007b5580000,0x00000007b5580000,0x00000007ba880000)
  from space 17920K, 0% used [0x00000007bba00000,0x00000007bba20000,0x00000007bcb80000)
  to   space 17920K, 0% used [0x00000007ba880000,0x00000007ba880000,0x00000007bba00000)
 ParOldGen       total 109056K, used 30574K [0x00000007a0000000, 0x00000007a6a80000, 0x00000007b5580000)
  object space 109056K, 28% used [0x00000007a0000000,0x00000007a1ddbbc8,0x00000007a6a80000)
 Metaspace       used 38570K, capacity 39252K, committed 39808K, reserved 1083392K
  class space    used 5099K, capacity 5346K, committed 5504K, reserved 1048576K
Event: 18040.417 GC heap after
Heap after GC invocations=39 (full 7):
 PSYoungGen      total 102912K, used 0K [0x00000007b5580000, 0x00000007bcb80000, 0x00000007c0000000)
  eden space 84992K, 0% used [0x00000007b5580000,0x00000007b5580000,0x00000007ba880000)
  from space 17920K, 0% used [0x00000007bba00000,0x00000007bba00000,0x00000007bcb80000)
  to   space 17920K, 0% used [0x00000007ba880000,0x00000007ba880000,0x00000007bba00000)
 ParOldGen       total 109056K, used 29513K [0x00000007a0000000, 0x00000007a6a80000, 0x00000007b5580000)
  object space 109056K, 27% used [0x00000007a0000000,0x00000007a1cd25d0,0x00000007a6a80000)
 Metaspace       used 38559K, capacity 39234K, committed 39808K, reserved 1083392K
  class space    used 5097K, capacity 5343K, committed 5504K, reserved 1048576K
}
Event: 21640.419 GC heap before
{Heap before GC invocations=40 (full 7):
 PSYoungGen      total 102912K, used 23813K [0x00000007b5580000, 0x00000007bcb80000, 0x00000007c0000000)
  eden space 84992K, 28% used [0x00000007b5580000,0x00000007b6cc1758,0x00000007ba880000)
  from space 17920K, 0% used [0x00000007bba00000,0x00000007bba00000,0x00000007bcb80000)
  to   space 17920K, 0% used [0x00000007ba880000,0x00000007ba880000,0x00000007bba00000)
 ParOldGen       total 109056K, used 29513K [0x00000007a0000000, 0x00000007a6a80000, 0x00000007b5580000)
  object space 109056K, 27% used [0x00000007a0000000,0x00000007a1cd25d0,0x00000007a6a80000)
 Metaspace       used 38591K, capacity 39252K, committed 39808K, reserved 1083392K
  class space    used 5100K, capacity 5346K, committed 5504K, reserved 1048576K
Event: 21640.437 GC heap after
Heap after GC invocations=40 (full 7):
 PSYoungGen      total 102912K, used 11332K [0x00000007b5580000, 0x00000007bcc80000, 0x00000007c0000000)
  eden space 84992K, 0% used [0x00000007b5580000,0x00000007b5580000,0x00000007ba880000)
  from space 17920K, 63% used [0x00000007ba880000,0x00000007bb3913d0,0x00000007bba00000)
  to   space 18432K, 0% used [0x00000007bba80000,0x00000007bba80000,0x00000007bcc80000)
 ParOldGen       total 109056K, used 29521K [0x00000007a0000000, 0x00000007a6a80000, 0x00000007b5580000)
  object space 109056K, 27% used [0x00000007a0000000,0x00000007a1cd45d0,0x00000007a6a80000)
 Metaspace       used 38591K, capacity 39252K, committed 39808K, reserved 1083392K
  class space    used 5100K, capacity 5346K, committed 5504K, reserved 1048576K
}
Event: 21640.438 GC heap before
{Heap before GC invocations=41 (full 8):
 PSYoungGen      total 102912K, used 11332K [0x00000007b5580000, 0x00000007bcc80000, 0x00000007c0000000)
  eden space 84992K, 0% used [0x00000007b5580000,0x00000007b5580000,0x00000007ba880000)
  from space 17920K, 63% used [0x00000007ba880000,0x00000007bb3913d0,0x00000007bba00000)
  to   space 18432K, 0% used [0x00000007bba80000,0x00000007bba80000,0x00000007bcc80000)
 ParOldGen       total 109056K, used 29521K [0x00000007a0000000, 0x00000007a6a80000, 0x00000007b5580000)
  object space 109056K, 27% used [0x00000007a0000000,0x00000007a1cd45d0,0x00000007a6a80000)
 Metaspace       used 38591K, capacity 39252K, committed 39808K, reserved 1083392K
  class space    used 5100K, capacity 5346K, committed 5504K, reserved 1048576K
Event: 21640.634 GC heap after
Heap after GC invocations=41 (full 8):
 PSYoungGen      total 102912K, used 0K [0x00000007b5580000, 0x00000007bcc80000, 0x00000007c0000000)
  eden space 84992K, 0% used [0x00000007b5580000,0x00000007b5580000,0x00000007ba880000)
  from space 17920K, 0% used [0x00000007ba880000,0x00000007ba880000,0x00000007bba00000)
  to   space 18432K, 0% used [0x00000007bba80000,0x00000007bba80000,0x00000007bcc80000)
 ParOldGen       total 109056K, used 33245K [0x00000007a0000000, 0x00000007a6a80000, 0x00000007b5580000)
  object space 109056K, 30% used [0x00000007a0000000,0x00000007a2077620,0x00000007a6a80000)
 Metaspace       used 38579K, capacity 39234K, committed 39808K, reserved 1083392K
  class space    used 5098K, capacity 5343K, committed 5504K, reserved 1048576K
}

Deoptimization events (10 events):
Event: 8930.158 Thread 0x00007f9c7b911000 Uncommon trap: reason=class_check action=maybe_recompile pc=0x0000000112aa30fc method=javax.swing.text.DefaultStyledDocument.insertUpdate(Ljavax/swing/text/AbstractDocument$DefaultDocumentEvent;Ljavax/swing/text/AttributeSet;)V @ 640
Event: 8939.325 Thread 0x00007f9c7b911000 Uncommon trap: reason=bimorphic action=maybe_recompile pc=0x0000000112cbf924 method=javax.swing.JViewport.setViewPosition(Ljava/awt/Point;)V @ 321
Event: 12624.599 Thread 0x00007f9c7b911000 Uncommon trap: reason=class_check action=maybe_recompile pc=0x000000011204a51c method=edu.rice.cs.drjava.model.definitions.reducedmodel.ReducedModelComment.insertSpecial(Ljava/lang/String;)V @ 208
Event: 12625.099 Thread 0x00007f9c7b911000 Uncommon trap: reason=class_check action=maybe_recompile pc=0x000000011204a51c method=edu.rice.cs.drjava.model.definitions.reducedmodel.ReducedModelComment.insertSpecial(Ljava/lang/String;)V @ 208
Event: 12625.134 Thread 0x00007f9c7b911000 Uncommon trap: reason=class_check action=maybe_recompile pc=0x000000011204a51c method=edu.rice.cs.drjava.model.definitions.reducedmodel.ReducedModelComment.insertSpecial(Ljava/lang/String;)V @ 208
Event: 12625.168 Thread 0x00007f9c7b911000 Uncommon trap: reason=class_check action=maybe_recompile pc=0x000000011204a51c method=edu.rice.cs.drjava.model.definitions.reducedmodel.ReducedModelComment.insertSpecial(Ljava/lang/String;)V @ 208
Event: 12763.936 Thread 0x00007f9c7b911000 Uncommon trap: reason=null_check action=make_not_entrant pc=0x0000000112b9d5ac method=sun.awt.image.ImageCache.getImage(Lsun/awt/image/ImageCache$PixelsKey;)Ljava/awt/Image; @ 72
Event: 12996.644 Thread 0x00007f9c7b911000 Uncommon trap: reason=class_check action=maybe_recompile pc=0x00000001127c4f9c method=edu.rice.cs.drjava.model.definitions.reducedmodel.ReducedModelComment.insertSpecial(Ljava/lang/String;)V @ 208
Event: 21058.918 Thread 0x00007f9c7b911000 Uncommon trap: reason=unreached action=reinterpret pc=0x0000000111b60b60 method=java.awt.Component.updateGraphicsData(Ljava/awt/GraphicsConfiguration;)Z @ 25
Event: 21058.921 Thread 0x00007f9c7c07a000 Uncommon trap: reason=null_check action=make_not_entrant pc=0x0000000111e76e4c method=java.awt.geom.AffineTransform.equals(Ljava/lang/Object;)Z @ 1

Internal exceptions (10 events):
Event: 14440.050 Thread 0x00007f9c7ac76000 Exception <a 'java/net/ConnectException'> (0x00000007b5580a58) thrown at [/HUDSON3/workspace/8-2-build-macosx-x86_64/jdk8u20/1074/hotspot/src/share/vm/prims/jni.cpp, line 716]
Event: 14533.619 Thread 0x00007f9c7bdbc800 Exception <a 'java/lang/NoSuchMethodError': <clinit>> (0x00000007b5628c18) thrown at [/HUDSON3/workspace/8-2-build-macosx-x86_64/jdk8u20/1074/hotspot/src/share/vm/prims/jni.cpp, line 1603]
Event: 14533.621 Thread 0x00007f9c7bdbc800 Exception <a 'java/lang/NoSuchMethodError': <clinit>> (0x00000007b56341f8) thrown at [/HUDSON3/workspace/8-2-build-macosx-x86_64/jdk8u20/1074/hotspot/src/share/vm/prims/jni.cpp, line 1603]
Event: 14620.052 Thread 0x00007f9c7ac76000 Exception <a 'java/net/ConnectException'> (0x00000007b55817b0) thrown at [/HUDSON3/workspace/8-2-build-macosx-x86_64/jdk8u20/1074/hotspot/src/share/vm/prims/jni.cpp, line 716]
Event: 14800.052 Thread 0x00007f9c7ac76000 Exception <a 'java/net/ConnectException'> (0x00000007b5582508) thrown at [/HUDSON3/workspace/8-2-build-macosx-x86_64/jdk8u20/1074/hotspot/src/share/vm/prims/jni.cpp, line 716]
Event: 14980.053 Thread 0x00007f9c7ac76000 Exception <a 'java/net/ConnectException'> (0x00000007b5583260) thrown at [/HUDSON3/workspace/8-2-build-macosx-x86_64/jdk8u20/1074/hotspot/src/share/vm/prims/jni.cpp, line 716]
Event: 15160.064 Thread 0x00007f9c7ac76000 Exception <a 'java/net/ConnectException'> (0x00000007b5583fb8) thrown at [/HUDSON3/workspace/8-2-build-macosx-x86_64/jdk8u20/1074/hotspot/src/share/vm/prims/jni.cpp, line 716]
Event: 18134.172 Thread 0x00007f9c7bdbc800 Exception <a 'java/lang/NoSuchMethodError': <clinit>> (0x00000007b55fc758) thrown at [/HUDSON3/workspace/8-2-build-macosx-x86_64/jdk8u20/1074/hotspot/src/share/vm/prims/jni.cpp, line 1603]
Event: 18134.174 Thread 0x00007f9c7bdbc800 Exception <a 'java/lang/NoSuchMethodError': <clinit>> (0x00000007b5607d38) thrown at [/HUDSON3/workspace/8-2-build-macosx-x86_64/jdk8u20/1074/hotspot/src/share/vm/prims/jni.cpp, line 1603]
Event: 21058.921 Thread 0x00007f9c7c07a000 Implicit null exception at 0x0000000111e765f8 to 0x0000000111e76e29

Events (10 events):
Event: 21058.918 Thread 0x00007f9c7b911000 DEOPT UNPACKING pc=0x000000011131ff69 sp=0x0000000128a49db8 mode 2
Event: 21058.921 Thread 0x00007f9c7c07a000 Uncommon trap: trap_request=0xfffffff4 fr.pc=0x0000000111e76e4c
Event: 21058.921 Thread 0x00007f9c7c07a000 DEOPT PACKING pc=0x0000000111e76e4c sp=0x00007fff502c6e60
Event: 21058.921 Thread 0x00007f9c7c07a000 DEOPT UNPACKING pc=0x000000011131ff69 sp=0x00007fff502c6d90 mode 2
Event: 21164.661 Executing VM operation: RevokeBias
Event: 21164.662 Executing VM operation: RevokeBias done
Event: 21464.722 Executing VM operation: RevokeBias
Event: 21464.722 Executing VM operation: RevokeBias done
Event: 21640.418 Executing VM operation: ParallelGCSystemGC
Event: 21640.634 Executing VM operation: ParallelGCSystemGC done


Dynamic libraries:
0x00000000090b1000 	/System/Library/Frameworks/Cocoa.framework/Versions/A/Cocoa
0x00000000090b1000 	/System/Library/Frameworks/Security.framework/Versions/A/Security
0x00000000090b1000 	/System/Library/Frameworks/ApplicationServices.framework/Versions/A/ApplicationServices
0x00000000090b1000 	/usr/lib/libz.1.dylib
0x00000000090b1000 	/usr/lib/libSystem.B.dylib
0x00000000090b1000 	/usr/lib/libobjc.A.dylib
0x00000000090b1000 	/System/Library/Frameworks/CoreFoundation.framework/Versions/A/CoreFoundation
0x00000000090b1000 	/System/Library/Frameworks/Foundation.framework/Versions/C/Foundation
0x00000000090b1000 	/System/Library/Frameworks/AppKit.framework/Versions/C/AppKit
0x00000000090b1000 	/System/Library/Frameworks/CoreData.framework/Versions/A/CoreData
0x00000000090b1000 	/System/Library/PrivateFrameworks/RemoteViewServices.framework/Versions/A/RemoteViewServices
0x00000000090b1000 	/System/Library/Frameworks/AudioToolbox.framework/Versions/A/AudioToolbox
0x00000000090b1000 	/System/Library/Frameworks/AudioUnit.framework/Versions/A/AudioUnit
0x00000000090b1000 	/System/Library/PrivateFrameworks/DataDetectorsCore.framework/Versions/A/DataDetectorsCore
0x00000000090b1000 	/System/Library/PrivateFrameworks/DesktopServicesPriv.framework/Versions/A/DesktopServicesPriv
0x00000000090b1000 	/System/Library/Frameworks/Carbon.framework/Versions/A/Frameworks/HIToolbox.framework/Versions/A/HIToolbox
0x00000000090b1000 	/System/Library/Frameworks/QuartzCore.framework/Versions/A/QuartzCore
0x00000000090b1000 	/System/Library/Frameworks/Carbon.framework/Versions/A/Frameworks/SpeechRecognition.framework/Versions/A/SpeechRecognition
0x00000000090b1000 	/usr/lib/libauto.dylib
0x00000000090b1000 	/usr/lib/libicucore.A.dylib
0x00000000090b1000 	/usr/lib/libxml2.2.dylib
0x00000000090b1000 	/System/Library/PrivateFrameworks/CoreUI.framework/Versions/A/CoreUI
0x00000000090b1000 	/System/Library/Frameworks/CoreAudio.framework/Versions/A/CoreAudio
0x00000000090b1000 	/System/Library/Frameworks/DiskArbitration.framework/Versions/A/DiskArbitration
0x00000000090b1000 	/usr/lib/liblangid.dylib
0x00000000090b1000 	/System/Library/PrivateFrameworks/MultitouchSupport.framework/Versions/A/MultitouchSupport
0x00000000090b1000 	/System/Library/Frameworks/IOKit.framework/Versions/A/IOKit
0x00000000090b1000 	/usr/lib/libDiagnosticMessagesClient.dylib
0x00000000090b1000 	/System/Library/Frameworks/CoreServices.framework/Versions/A/CoreServices
0x00000000090b1000 	/System/Library/PrivateFrameworks/PerformanceAnalysis.framework/Versions/A/PerformanceAnalysis
0x00000000090b1000 	/System/Library/PrivateFrameworks/GenerationalStorage.framework/Versions/A/GenerationalStorage
0x00000000090b1000 	/System/Library/Frameworks/OpenGL.framework/Versions/A/OpenGL
0x00000000090b1000 	/System/Library/PrivateFrameworks/Sharing.framework/Versions/A/Sharing
0x00000000090b1000 	/System/Library/Frameworks/ImageIO.framework/Versions/A/ImageIO
0x00000000090b1000 	/System/Library/Frameworks/CoreText.framework/Versions/A/CoreText
0x00000000090b1000 	/System/Library/Frameworks/CoreGraphics.framework/Versions/A/CoreGraphics
0x00000000090b1000 	/System/Library/PrivateFrameworks/Backup.framework/Versions/A/Backup
0x00000000090b1000 	/System/Library/Frameworks/CFNetwork.framework/Versions/A/CFNetwork
0x00000000090b1000 	/System/Library/Frameworks/SystemConfiguration.framework/Versions/A/SystemConfiguration
0x00000000090b1000 	/usr/lib/libCRFSuite.dylib
0x00000000090b1000 	/usr/lib/libc++.1.dylib
0x00000000090b1000 	/usr/lib/libc++abi.dylib
0x00000000090b1000 	/usr/lib/system/libcache.dylib
0x00000000090b1000 	/usr/lib/system/libcommonCrypto.dylib
0x00000000090b1000 	/usr/lib/system/libcompiler_rt.dylib
0x00000000090b1000 	/usr/lib/system/libcopyfile.dylib
0x00000000090b1000 	/usr/lib/system/libcorecrypto.dylib
0x00000000090b1000 	/usr/lib/system/libdispatch.dylib
0x00000000090b1000 	/usr/lib/system/libdyld.dylib
0x00000000090b1000 	/usr/lib/system/libkeymgr.dylib
0x00000000090b1000 	/usr/lib/system/liblaunch.dylib
0x00000000090b1000 	/usr/lib/system/libmacho.dylib
0x00000000090b1000 	/usr/lib/system/libquarantine.dylib
0x00000000090b1000 	/usr/lib/system/libremovefile.dylib
0x00000000090b1000 	/usr/lib/system/libsystem_asl.dylib
0x00000000090b1000 	/usr/lib/system/libsystem_blocks.dylib
0x00000000090b1000 	/usr/lib/system/libsystem_c.dylib
0x00000000090b1000 	/usr/lib/system/libsystem_configuration.dylib
0x00000000090b1000 	/usr/lib/system/libsystem_dnssd.dylib
0x00000000090b1000 	/usr/lib/system/libsystem_info.dylib
0x00000000090b1000 	/usr/lib/system/libsystem_kernel.dylib
0x00000000090b1000 	/usr/lib/system/libsystem_m.dylib
0x00000000090b1000 	/usr/lib/system/libsystem_malloc.dylib
0x00000000090b1000 	/usr/lib/system/libsystem_network.dylib
0x00000000090b1000 	/usr/lib/system/libsystem_notify.dylib
0x00000000090b1000 	/usr/lib/system/libsystem_platform.dylib
0x00000000090b1000 	/usr/lib/system/libsystem_pthread.dylib
0x00000000090b1000 	/usr/lib/system/libsystem_sandbox.dylib
0x00000000090b1000 	/usr/lib/system/libsystem_stats.dylib
0x00000000090b1000 	/usr/lib/system/libunc.dylib
0x00000000090b1000 	/usr/lib/system/libunwind.dylib
0x00000000090b1000 	/usr/lib/system/libxpc.dylib
0x00000000090b1000 	/usr/lib/libbsm.0.dylib
0x00000000090b1000 	/usr/lib/libsqlite3.dylib
0x00000000090b1000 	/usr/lib/libxar.1.dylib
0x00000000090b1000 	/usr/lib/libpam.2.dylib
0x00000000090b1000 	/usr/lib/libOpenScriptingUtil.dylib
0x00000000090b1000 	/usr/lib/libbz2.1.0.dylib
0x00000000090b1000 	/System/Library/Frameworks/CoreServices.framework/Versions/A/Frameworks/CarbonCore.framework/Versions/A/CarbonCore
0x00000000090b1000 	/System/Library/Frameworks/CoreServices.framework/Versions/A/Frameworks/Metadata.framework/Versions/A/Metadata
0x00000000090b1000 	/System/Library/Frameworks/CoreServices.framework/Versions/A/Frameworks/OSServices.framework/Versions/A/OSServices
0x00000000090b1000 	/System/Library/Frameworks/CoreServices.framework/Versions/A/Frameworks/SearchKit.framework/Versions/A/SearchKit
0x00000000090b1000 	/System/Library/Frameworks/CoreServices.framework/Versions/A/Frameworks/AE.framework/Versions/A/AE
0x00000000090b1000 	/System/Library/Frameworks/CoreServices.framework/Versions/A/Frameworks/LaunchServices.framework/Versions/A/LaunchServices
0x00000000090b1000 	/System/Library/Frameworks/CoreServices.framework/Versions/A/Frameworks/DictionaryServices.framework/Versions/A/DictionaryServices
0x00000000090b1000 	/System/Library/Frameworks/NetFS.framework/Versions/A/NetFS
0x00000000090b1000 	/usr/lib/system/libkxld.dylib
0x00000000090b1000 	/System/Library/PrivateFrameworks/NetAuth.framework/Versions/A/NetAuth
0x00000000090b1000 	/System/Library/PrivateFrameworks/TCC.framework/Versions/A/TCC
0x00000000090b1000 	/System/Library/Frameworks/OpenDirectory.framework/Versions/A/Frameworks/CFOpenDirectory.framework/Versions/A/CFOpenDirectory
0x00000000090b1000 	/System/Library/Frameworks/ServiceManagement.framework/Versions/A/ServiceManagement
0x00000000090b1000 	/usr/lib/libxslt.1.dylib
0x00000000090b1000 	/System/Library/Frameworks/Carbon.framework/Versions/A/Frameworks/Ink.framework/Versions/A/Ink
0x00000000090b1000 	/System/Library/Frameworks/ApplicationServices.framework/Versions/A/Frameworks/ATS.framework/Versions/A/ATS
0x00000000090b1000 	/System/Library/Frameworks/ApplicationServices.framework/Versions/A/Frameworks/ColorSync.framework/Versions/A/ColorSync
0x00000000090b1000 	/System/Library/Frameworks/ApplicationServices.framework/Versions/A/Frameworks/HIServices.framework/Versions/A/HIServices
0x00000000090b1000 	/System/Library/Frameworks/ApplicationServices.framework/Versions/A/Frameworks/LangAnalysis.framework/Versions/A/LangAnalysis
0x00000000090b1000 	/System/Library/Frameworks/ApplicationServices.framework/Versions/A/Frameworks/PrintCore.framework/Versions/A/PrintCore
0x00000000090b1000 	/System/Library/Frameworks/ApplicationServices.framework/Versions/A/Frameworks/QD.framework/Versions/A/QD
0x00000000090b1000 	/System/Library/Frameworks/ApplicationServices.framework/Versions/A/Frameworks/SpeechSynthesis.framework/Versions/A/SpeechSynthesis
0x00000000090b1000 	/System/Library/Frameworks/IOSurface.framework/Versions/A/IOSurface
0x00000000090b1000 	/System/Library/Frameworks/Accelerate.framework/Versions/A/Accelerate
0x00000000090b1000 	/System/Library/Frameworks/Accelerate.framework/Versions/A/Frameworks/vImage.framework/Versions/A/vImage
0x00000000090b1000 	/System/Library/Frameworks/Accelerate.framework/Versions/A/Frameworks/vecLib.framework/Versions/A/vecLib
0x00000000090b1000 	/System/Library/Frameworks/Accelerate.framework/Versions/A/Frameworks/vecLib.framework/Versions/A/libvDSP.dylib
0x00000000090b1000 	/System/Library/Frameworks/Accelerate.framework/Versions/A/Frameworks/vecLib.framework/Versions/A/libvMisc.dylib
0x00000000090b1000 	/System/Library/Frameworks/Accelerate.framework/Versions/A/Frameworks/vecLib.framework/Versions/A/libLAPACK.dylib
0x00000000090b1000 	/System/Library/Frameworks/Accelerate.framework/Versions/A/Frameworks/vecLib.framework/Versions/A/libBLAS.dylib
0x00000000090b1000 	/System/Library/Frameworks/ApplicationServices.framework/Versions/A/Frameworks/ATS.framework/Versions/A/Resources/libFontParser.dylib
0x00000000090b1000 	/System/Library/Frameworks/ApplicationServices.framework/Versions/A/Frameworks/ATS.framework/Versions/A/Resources/libFontRegistry.dylib
0x00000000090b1000 	/System/Library/Frameworks/ImageIO.framework/Versions/A/Resources/libJPEG.dylib
0x00000000090b1000 	/System/Library/Frameworks/ImageIO.framework/Versions/A/Resources/libTIFF.dylib
0x00000000090b1000 	/System/Library/Frameworks/ImageIO.framework/Versions/A/Resources/libPng.dylib
0x00000000090b1000 	/System/Library/Frameworks/ImageIO.framework/Versions/A/Resources/libGIF.dylib
0x00000000090b1000 	/System/Library/Frameworks/ImageIO.framework/Versions/A/Resources/libJP2.dylib
0x00000000090b1000 	/System/Library/Frameworks/ImageIO.framework/Versions/A/Resources/libRadiance.dylib
0x00000000090b1000 	/usr/lib/libcups.2.dylib
0x00000000090b1000 	/System/Library/Frameworks/Kerberos.framework/Versions/A/Kerberos
0x00000000090b1000 	/System/Library/Frameworks/GSS.framework/Versions/A/GSS
0x00000000090b1000 	/usr/lib/libresolv.9.dylib
0x00000000090b1000 	/usr/lib/libiconv.2.dylib
0x00000000090b1000 	/System/Library/PrivateFrameworks/Heimdal.framework/Versions/A/Heimdal
0x00000000090b1000 	/System/Library/PrivateFrameworks/TrustEvaluationAgent.framework/Versions/A/TrustEvaluationAgent
0x00000000090b1000 	/usr/lib/libheimdal-asn1.dylib
0x00000000090b1000 	/System/Library/Frameworks/OpenDirectory.framework/Versions/A/OpenDirectory
0x00000000090b1000 	/System/Library/PrivateFrameworks/CommonAuth.framework/Versions/A/CommonAuth
0x00000000090b1000 	/System/Library/Frameworks/SecurityFoundation.framework/Versions/A/SecurityFoundation
0x00000000090b1000 	/System/Library/PrivateFrameworks/Bom.framework/Versions/A/Bom
0x00000000090b1000 	/System/Library/Frameworks/CoreVideo.framework/Versions/A/CoreVideo
0x00000000090b1000 	/System/Library/Frameworks/QuartzCore.framework/Versions/A/Frameworks/CoreImage.framework/Versions/A/CoreImage
0x00000000090b1000 	/System/Library/Frameworks/QuartzCore.framework/Versions/A/Frameworks/ScalableUserInterface.framework/Versions/A/ScalableUserInterface
0x00000000090b1000 	/System/Library/Frameworks/OpenGL.framework/Versions/A/Libraries/libGLU.dylib
0x00000000090b1000 	/System/Library/Frameworks/OpenGL.framework/Versions/A/Libraries/libGFXShared.dylib
0x00000000090b1000 	/System/Library/Frameworks/OpenGL.framework/Versions/A/Libraries/libGL.dylib
0x00000000090b1000 	/System/Library/Frameworks/OpenGL.framework/Versions/A/Libraries/libGLImage.dylib
0x00000000090b1000 	/System/Library/Frameworks/OpenGL.framework/Versions/A/Libraries/libCVMSPluginSupport.dylib
0x00000000090b1000 	/System/Library/Frameworks/OpenGL.framework/Versions/A/Libraries/libCoreVMClient.dylib
0x00000000090b1000 	/System/Library/PrivateFrameworks/FaceCore.framework/Versions/A/FaceCore
0x00000000090b1000 	/System/Library/PrivateFrameworks/CrashReporterSupport.framework/Versions/A/CrashReporterSupport
0x00000000090b1000 	/System/Library/Frameworks/OpenCL.framework/Versions/A/OpenCL
0x00000000090b1000 	/System/Library/PrivateFrameworks/AppleFSCompression.framework/Versions/A/AppleFSCompression
0x00000000090b1000 	/System/Library/PrivateFrameworks/Ubiquity.framework/Versions/A/Ubiquity
0x00000000090b1000 	/System/Library/PrivateFrameworks/IconServices.framework/Versions/A/IconServices
0x00000000090b1000 	/System/Library/PrivateFrameworks/ChunkingLibrary.framework/Versions/A/ChunkingLibrary
0x00000000090b1000 	/System/Library/PrivateFrameworks/CoreSymbolication.framework/Versions/A/CoreSymbolication
0x00000000090b1000 	/System/Library/PrivateFrameworks/Symbolication.framework/Versions/A/Symbolication
0x00000000090b1000 	/System/Library/PrivateFrameworks/DebugSymbols.framework/Versions/A/DebugSymbols
0x0000000110400000 	/Library/Java/JavaVirtualMachines/jdk1.8.0_20.jdk/Contents/Home/jre/lib/server/libjvm.dylib
0x00000000090b1000 	/usr/lib/libstdc++.6.dylib
0x000000010fb4a000 	/Library/Java/JavaVirtualMachines/jdk1.8.0_20.jdk/Contents/Home/jre/lib/libverify.dylib
0x000000010fb58000 	/Library/Java/JavaVirtualMachines/jdk1.8.0_20.jdk/Contents/Home/jre/lib/libjava.dylib
0x000000010fb96000 	/Library/Java/JavaVirtualMachines/jdk1.8.0_20.jdk/Contents/Home/jre/lib/libzip.dylib
0x0000000123b1f000 	/System/Library/Frameworks/JavaVM.framework/Frameworks/JavaRuntimeSupport.framework/JavaRuntimeSupport
0x0000000123b37000 	/System/Library/Frameworks/JavaVM.framework/Versions/A/Frameworks/JavaNativeFoundation.framework/Versions/A/JavaNativeFoundation
0x000000010fbf2000 	/System/Library/Frameworks/JavaVM.framework/Versions/A/JavaVM
0x00000000090b1000 	/System/Library/Frameworks/Carbon.framework/Versions/A/Carbon
0x0000000123b4c000 	/System/Library/PrivateFrameworks/JavaLaunching.framework/Versions/A/JavaLaunching
0x00000000090b1000 	/System/Library/Frameworks/Carbon.framework/Versions/A/Frameworks/CommonPanels.framework/Versions/A/CommonPanels
0x00000000090b1000 	/System/Library/Frameworks/Carbon.framework/Versions/A/Frameworks/Help.framework/Versions/A/Help
0x00000000090b1000 	/System/Library/Frameworks/Carbon.framework/Versions/A/Frameworks/ImageCapture.framework/Versions/A/ImageCapture
0x00000000090b1000 	/System/Library/Frameworks/Carbon.framework/Versions/A/Frameworks/OpenScripting.framework/Versions/A/OpenScripting
0x00000000090b1000 	/System/Library/Frameworks/Carbon.framework/Versions/A/Frameworks/Print.framework/Versions/A/Print
0x00000000090b1000 	/System/Library/Frameworks/Carbon.framework/Versions/A/Frameworks/SecurityHI.framework/Versions/A/SecurityHI
0x00000001243c1000 	/Library/Java/JavaVirtualMachines/jdk1.8.0_20.jdk/Contents/Home/jre/lib/libawt.dylib
0x0000000124470000 	/Library/Java/JavaVirtualMachines/jdk1.8.0_20.jdk/Contents/Home/jre/lib/./libmlib_image.dylib
0x000000012453c000 	/Library/Java/JavaVirtualMachines/jdk1.8.0_20.jdk/Contents/Home/jre/lib/libawt_lwawt.dylib
0x00000001245ef000 	/Library/Java/JavaVirtualMachines/jdk1.8.0_20.jdk/Contents/Home/jre/lib/./libosxapp.dylib
0x00000000090b1000 	/System/Library/Frameworks/ExceptionHandling.framework/Versions/A/ExceptionHandling
0x00000000090b1000 	/System/Library/PrivateFrameworks/CoreServicesInternal.framework/Versions/A/CoreServicesInternal
0x00000000090b1000 	/System/Library/PrivateFrameworks/Librarian.framework/Versions/A/Librarian
0x00000000090b1000 	/System/Library/Frameworks/CoreGraphics.framework/Versions/A/Resources/libCGCMS.A.dylib
0x00000000090b1000 	/System/Library/Frameworks/CoreGraphics.framework/Versions/A/Resources/libRIP.A.dylib
0x00000000090b1000 	/System/Library/Frameworks/CoreGraphics.framework/Versions/A/Resources/libCGXType.A.dylib
0x00000000090b1000 	/System/Library/PrivateFrameworks/FamilyControls.framework/Versions/A/FamilyControls
0x00000000090b1000 	/System/Library/PrivateFrameworks/CommerceKit.framework/Versions/A/Frameworks/CommerceCore.framework/Versions/A/CommerceCore
0x00000000090b1000 	/System/Library/PrivateFrameworks/SystemAdministration.framework/Versions/A/SystemAdministration
0x00000000090b1000 	/System/Library/Frameworks/DirectoryService.framework/Versions/A/DirectoryService
0x00000000090b1000 	/System/Library/PrivateFrameworks/DiskImages.framework/Versions/A/DiskImages
0x00000000090b1000 	/System/Library/PrivateFrameworks/LoginUIKit.framework/Versions/A/Frameworks/LoginUICore.framework/Versions/A/LoginUICore
0x00000000090b1000 	/usr/lib/libCoreStorage.dylib
0x00000000090b1000 	/usr/lib/libcsfde.dylib
0x00000000090b1000 	/usr/lib/libodfde.dylib
0x00000000090b1000 	/System/Library/Frameworks/DiscRecording.framework/Versions/A/DiscRecording
0x00000000090b1000 	/usr/lib/libcurl.4.dylib
0x00000000090b1000 	/System/Library/PrivateFrameworks/MediaKit.framework/Versions/A/MediaKit
0x00000000090b1000 	/System/Library/PrivateFrameworks/EFILogin.framework/Versions/A/EFILogin
0x00000000090b1000 	/usr/lib/libutil.dylib
0x00000000090b1000 	/System/Library/PrivateFrameworks/AOSNotification.framework/Versions/A/AOSNotification
0x00000000090b1000 	/System/Library/Frameworks/LDAP.framework/Versions/A/LDAP
0x00000000090b1000 	/usr/lib/libsasl2.2.dylib
0x00000000090b1000 	/usr/lib/libcrypto.0.9.8.dylib
0x00000000090b1000 	/usr/lib/libssl.0.9.8.dylib
0x00000001288e5000 	/Library/Java/JavaVirtualMachines/jdk1.8.0_20.jdk/Contents/Home/jre/lib/libfontmanager.dylib
0x0000000126126000 	/Library/Java/JavaVirtualMachines/jdk1.8.0_20.jdk/Contents/Home/jre/lib/libosxui.dylib
0x00000000090b1000 	/System/Library/Frameworks/OpenGL.framework/Versions/A/Resources/GLEngine.bundle/GLEngine
0x00000000090b1000 	/System/Library/Frameworks/OpenGL.framework/Versions/A/Libraries/libGLProgrammability.dylib
0x0000000000000000 	/System/Library/Extensions/AppleIntelHD5000GraphicsGLDriver.bundle/Contents/MacOS/AppleIntelHD5000GraphicsGLDriver
0x00000000090b1000 	/System/Library/PrivateFrameworks/IOAccelerator.framework/Versions/A/IOAccelerator
0x00000000090b1000 	/System/Library/PrivateFrameworks/GPUSupport.framework/Versions/A/Libraries/libGPUSupportMercury.dylib
0x00000000090b1000 	/System/Library/Frameworks/OpenGL.framework/Versions/A/Resources/GLRendererFloat.bundle/GLRendererFloat
0x00000000090b1000 	/System/Library/Frameworks/OpenCL.framework/Versions/A/Libraries/libcldcpuengine.dylib
0x000000012997c000 	/Library/Java/JavaVirtualMachines/jdk1.8.0_20.jdk/Contents/Home/jre/lib/libnet.dylib
0x00000001298b6000 	/Library/Java/JavaVirtualMachines/jdk1.8.0_20.jdk/Contents/Home/jre/lib/libnio.dylib
0x00000000090b1000 	/System/Library/Frameworks/ApplicationServices.framework/Versions/A/Frameworks/ATS.framework/Versions/A/Resources/libTrueTypeScaler.dylib
0x000000012b811000 	/Library/Java/JavaVirtualMachines/jdk1.8.0_20.jdk/Contents/Home/jre/lib/libdcpr.dylib
0x00000000090b1000 	/System/Library/PrivateFrameworks/Shortcut.framework/Versions/A/Shortcut
0x00000000090b1000 	/System/Library/PrivateFrameworks/HelpData.framework/Versions/A/HelpData
0x00000000090b1000 	/usr/lib/libtidy.A.dylib
0x00000000090b1000 	/System/Library/Frameworks/CoreGraphics.framework/Versions/A/Resources/libCGXCoreImage.A.dylib
0x0000000123c5b000 	cl_kernels
0x0000000135894000 	/System/Library/Frameworks/OpenCL.framework/Versions/A/Libraries/ImageFormats/unorm8_bgra.dylib
0x0000000123c1c000 	cl_kernels
0x00000001379ff000 	/System/Library/Frameworks/OpenCL.framework/Versions/A/Libraries/ImageFormats/unorm8_argb.dylib
0x00000000090b1000 	/System/Library/CoreServices/RawCamera.bundle/Contents/MacOS/RawCamera

VM Arguments:
jvm_args: -Xmx512M 
java_command: edu.rice.cs.drjava.DrJavaRoot
java_class_path (initial): /Users/rdb/java/drjava-stable-20140826-r5761.jar
Launcher Type: SUN_STANDARD

Environment Variables:
CLASSPATH=.:/Users/rdb/granite-rdb/granite.jar:/Users/rdb/lib:/Users/rdb/java/utils:/Users/rdb/lib/granite.jar:/Users/rdb/lib/magic.jar:/Users/rdb/lib/mysql-connector-java-5.1.16-bin.jar:/Users/rdb/lib/oldGradeAdmin.jar:/Users/rdb/cs416/lib/cs416.jar:/Users/rdb/java/datagen/src:/Users/rdb/granite/apps/util/build:/Users/rdb/research/compression/waveletCode/build/classes:/Users/rdb/cs770/jogamp/jar/gluegen-gl.jar:/Users/rdb/cs770/jogamp/jar/gluegen-rt-natives-macosx-universal.jar:/Users/rdb/cs770/jogamp/jar/gluegen-rt.jar:/Users/rdb/cs770/jogamp/jar/gluegen.jar:/Users/rdb/cs770/jogamp/jar/jogl-all-natives-macosx-universal.jar:/Users/rdb/cs770/jogamp/jar/jogl-all.jar:/Users/rdb/cs770/jogamp/jar/nativewindow-awt.jar:/Users/rdb/cs770/jogamp/jar/nativewindow-natives-macosx-universal.jar:/Users/rdb/cs770/jogamp/jar/nativewindow-os-osx.jar:/Users/rdb/cs770/jogamp/jar/nativewindow-os-x11.jar:/Users/rdb/cs770/jogamp/jar/nativewindow.jar
PATH=.:/sw/Qt/5.2.0/clang_64/bin:/usr/local/bin:/usr/bin:/bin:/usr/local/bin:/Developer/usr/bin:/usr/sbin:/sw/bin:/sbin:/etc:/opt/local/bin:/Users/rdb/Applications/blast/bin:/usr/local/mysql/bin:/Users/rdb/cs416/bin:/Users/rdb/bioinf/bin:/Users/rdb/bioinf/bin/phil:/Users/rdb/java/bin:/Users/rdb/bin:/Users/rdb/bin/amos/bin:/Users/rdb/bin/bio:/Users/rdb/bin/grader:/Users/rdb/bin/homessd:/Users/rdb/bin/mntsdb:/sw/Qt/5.2.0/clang_64/bin:/usr/local/texlive/2009/bin/universal-darwin:/Users/rdb/Applications/ImageMagick/bin
SHELL=/bin/bash
DISPLAY=/tmp/launch-ClMLMn/org.macosforge.xquartz:0
HOSTTYPE=intel-mac
OSTYPE=darwin
ARCH=i386
MACHTYPE=x86_64
DYLD_LIBRARY_PATH=:/sw/Qt/5.2.0/clang_64/lib:/Users/rdb/Applications/ImageMagick/lib

Signal Handlers:
SIGSEGV: [libjvm.dylib+0x578fd7], sa_mask[0]=11111111011111110111111111111111, sa_flags=SA_ONSTACK|SA_RESTART|SA_SIGINFO
SIGBUS: [libjvm.dylib+0x578fd7], sa_mask[0]=11111111011111110111111111111111, sa_flags=SA_RESTART|SA_SIGINFO
SIGFPE: [libjvm.dylib+0x45ab0c], sa_mask[0]=11111111011111110111111111111111, sa_flags=SA_RESTART|SA_SIGINFO
SIGPIPE: [libjvm.dylib+0x45ab0c], sa_mask[0]=11111111011111110111111111111111, sa_flags=SA_RESTART|SA_SIGINFO
SIGXFSZ: [libjvm.dylib+0x45ab0c], sa_mask[0]=11111111011111110111111111111111, sa_flags=SA_RESTART|SA_SIGINFO
SIGILL: [libjvm.dylib+0x45ab0c], sa_mask[0]=11111111011111110111111111111111, sa_flags=SA_RESTART|SA_SIGINFO
SIGUSR1: SIG_DFL, sa_mask[0]=00000000000000000000000000000000, sa_flags=SA_RESTART
SIGUSR2: [libjvm.dylib+0x45a62a], sa_mask[0]=00100000000000000000000000000000, sa_flags=SA_RESTART|SA_SIGINFO
SIGHUP: [libjvm.dylib+0x458bfd], sa_mask[0]=11111111011111110111111111111111, sa_flags=SA_RESTART|SA_SIGINFO
SIGINT: [libjvm.dylib+0x458bfd], sa_mask[0]=11111111011111110111111111111111, sa_flags=SA_RESTART|SA_SIGINFO
SIGTERM: [libjvm.dylib+0x458bfd], sa_mask[0]=11111111011111110111111111111111, sa_flags=SA_RESTART|SA_SIGINFO
SIGQUIT: [libjvm.dylib+0x458bfd], sa_mask[0]=11111111011111110111111111111111, sa_flags=SA_RESTART|SA_SIGINFO


---------------  S Y S T E M  ---------------

OS:Bsduname:Darwin 13.4.0 Darwin Kernel Version 13.4.0: Sun Aug 17 19:50:11 PDT 2014; root:xnu-2422.115.4~1/RELEASE_X86_64 x86_64
rlimit: STACK 8192k, CORE 0k, NPROC 709, NOFILE 10240, AS infinity
load average:2.10 1.98 1.91

CPU:total 4 (2 cores per cpu, 2 threads per core) family 6 model 69 stepping 1, cmov, cx8, fxsr, mmx, sse, sse2, sse3, ssse3, sse4.1, sse4.2, popcnt, avx, avx2, aes, clmul, erms, rtm, lzcnt, ht, tsc, tscinvbit, bmi1, bmi2

Memory: 4k page, physical 8388608k(1747476k free)

/proc/meminfo:


vm_info: Java HotSpot(TM) 64-Bit Server VM (25.20-b23) for bsd-amd64 JRE (1.8.0_20-b26), built on Jul 30 2014 13:37:47 by "java_re" with gcc 4.2.1 (Based on Apple Inc. build 5658) (LLVM build 2336.9.00)

time: Thu Feb  5 10:14:58 2015
elapsed time: 21640 seconds (0d 6h 0m 40s)

