#
# A fatal error has been detected by the Java Runtime Environment:
#
#  SIGSEGV (0xb) at pc=0x00007f3852db213f, pid=21957, tid=139876750063360
#
# JRE version: OpenJDK Runtime Environment (8.0_91-b14) (build 1.8.0_91-8u91-b14-3-b14)
# Java VM: OpenJDK 64-Bit Server VM (25.91-b14 mixed mode linux-amd64 compressed oops)
# Problematic frame:
# V  [libjvm.so+0x66d13f]
#
# Failed to write core dump. Core dumps have been disabled. To enable core dumping, try "ulimit -c unlimited" before starting Java again
#
# If you would like to submit a bug report, please visit:
#   http://bugreport.java.com/bugreport/crash.jsp
#

---------------  T H R E A D  ---------------

Current thread (0x00007f37b8161000):  JavaThread "AWT-XAWT" daemon [_thread_in_vm, id=21994, stack(0x00007f3794dff000,0x00007f3798000000)]

siginfo: si_signo: 11 (SIGSEGV), si_code: 1 (SEGV_MAPERR), si_addr: 0x0000000000000000

Registers:
RAX=0x0000000000000000, RBX=0x00007f37b8161000, RCX=0x0000000000000000, RDX=0x00007f385364f6a9
RSP=0x00007f3797ffe810, RBP=0x00007f3797ffe830, RSI=0x0000000000000000, RDI=0x00007f37b8161000
R8 =0x00000000d8030a22, R9 =0x00000000d801a187, R10=0x00007f3839453a04, R11=0x00007f38394539d8
R12=0x00007f37b81611e0, R13=0x0000000000000000, R14=0x0000000000000042, R15=0x00007f37b8161000
RIP=0x00007f3852db213f, EFLAGS=0x0000000000010202, CSGSFS=0x002b000000000033, ERR=0x0000000000000004
  TRAPNO=0x000000000000000e

Top of Stack: (sp=0x00007f3797ffe810)
0x00007f3797ffe810:   00007f37b81611e0 00007f377800df60
0x00007f3797ffe820:   0000000000000000 00007f3821cc2b00
0x00007f3797ffe830:   00007f3797ffe860 00007f3821a9ff34
0x00007f3797ffe840:   00007f3822124e00 00007f377800df60
0x00007f3797ffe850:   00007f3797ffe910 00007f3797ffe8e0
0x00007f3797ffe860:   0000000000000000 00007f3821561360
0x00007f3797ffe870:   00007f3822124e00 00007f3797ffe8a0
0x00007f3797ffe880:   0000000000000000 00007f3821558f33
0x00007f3797ffe890:   00007f3797ffe910 00007f3821a97caf
0x00007f3797ffe8a0:   00007f3797ffe8f0 00007f3839453a76
0x00007f3797ffe8b0:   0000000000000000 00007f38393cda36
0x00007f3797ffe8c0:   00007f3797ffe910 00007f3839185a6c
0x00007f3797ffe8d0:   00007f3797ffe970 00000006c017f670
0x00007f3797ffe8e0:   00000006c0116ce0 00000006c00d0840
0x00007f3797ffe8f0:   00007f3797ffe970 00007f3839007850
0x00007f3797ffe900:   00007f3797ffe970 00007f3839007850
0x00007f3797ffe910:   0000000000000000 00007f3839007b90
0x00007f3797ffe920:   00007f3790003250 00000006c017f670
0x00007f3797ffe930:   00007f3797ffe930 00007f382210db14
0x00007f3797ffe940:   00007f3797ffe9b8 00007f3822116db0
0x00007f3797ffe950:   0000000000000000 00007f382210dc50
0x00007f3797ffe960:   00007f3797ffe910 00007f3797ffe9b0
0x00007f3797ffe970:   00007f3797ffea00 00007f383900807d
0x00007f3797ffe980:   0000000000000000 000000076bce5938
0x00007f3797ffe990:   0000000000000000 0000000000000000
0x00007f3797ffe9a0:   0000000000000000 00000006c017f670
0x00007f3797ffe9b0:   0000000000000000 00000006c017c400
0x00007f3797ffe9c0:   00007f3797ffe9c0 00007f382210d955
0x00007f3797ffe9d0:   00007f3797ffea10 00007f3822116db0
0x00007f3797ffe9e0:   0000000000000000 00007f382210d960
0x00007f3797ffe9f0:   00007f3797ffe9b0 00007f3797ffea10
0x00007f3797ffea00:   00007f3797ffea58 00007f38390080c2 

Instructions: (pc=0x00007f3852db213f)
0x00007f3852db211f:   ac de 00 00 74 0a 48 89 df 31 db e8 41 fe 38 00
0x00007f3852db212f:   48 89 df e8 b9 f5 ff ff 90 48 8d 15 6a d5 89 00
0x00007f3852db213f:   49 8b 45 00 80 3a 00 74 60 48 8d 35 b1 f6 87 00
0x00007f3852db214f:   8b 50 08 8b 4e 08 48 d3 e2 48 89 d1 48 03 0e 48 

Register to memory mapping:

RAX=0x0000000000000000 is an unknown value
RBX=0x00007f37b8161000 is a thread
RCX=0x0000000000000000 is an unknown value
RDX=0x00007f385364f6a9: <offset 0xf0a6a9> in /usr/lib/jvm/java-8-openjdk-amd64/jre/lib/amd64/server/libjvm.so at 0x00007f3852745000
RSP=0x00007f3797ffe810 is pointing into the stack for thread: 0x00007f37b8161000
RBP=0x00007f3797ffe830 is pointing into the stack for thread: 0x00007f37b8161000
RSI=0x0000000000000000 is an unknown value
RDI=0x00007f37b8161000 is a thread
R8 =0x00000000d8030a22 is an unknown value
R9 =0x00000000d801a187 is an unknown value
R10=0x00007f3839453a04 is at entry_point+68 in (nmethod*)0x00007f3839453850
R11=0x00007f38394539d8 is at entry_point+24 in (nmethod*)0x00007f3839453850
R12=0x00007f37b81611e0 is an unknown value
R13=0x0000000000000000 is an unknown value
R14=0x0000000000000042 is an unknown value
R15=0x00007f37b8161000 is a thread


Stack: [0x00007f3794dff000,0x00007f3798000000],  sp=0x00007f3797ffe810,  free space=51198k
Native frames: (J=compiled Java code, j=interpreted, Vv=VM code, C=native code)
V  [libjvm.so+0x66d13f]
C  [libawt_xawt.so+0x35f34]
C  [libX11.so.6+0x64360]  _XimServerDestroy+0x70

Java frames: (J=compiled Java code, j=interpreted, Vv=VM code)
J 1363  sun.awt.X11.XlibWrapper.XFilterEvent(JJ)Z (0 bytes) @ 0x00007f3839453a04 [0x00007f38394539c0+0x44]
j  sun.awt.X11.XToolkit.run(Z)V+300
j  sun.awt.X11.XToolkit.run()V+5
j  java.lang.Thread.run()V+11
v  ~StubRoutines::call_stub

---------------  P R O C E S S  ---------------

Java Threads: ( => current thread )
  0x00007f377801a000 JavaThread "TimerQueue" daemon [_thread_blocked, id=22002, stack(0x00007f376cdff000,0x00007f3770000000)]
=>0x00007f37b8161000 JavaThread "AWT-XAWT" daemon [_thread_in_vm, id=21994, stack(0x00007f3794dff000,0x00007f3798000000)]
  0x00007f37b8143000 JavaThread "Java2D Disposer" daemon [_thread_blocked, id=21993, stack(0x00007f379cdff000,0x00007f37a0000000)]
  0x00007f37b8014000 JavaThread "Poll DrJava Thread" daemon [_thread_blocked, id=21981, stack(0x00007f37a4dff000,0x00007f37a8000000)]
  0x00007f37b8012800 JavaThread "RMI RenewClean-[127.0.0.1:43951]" daemon [_thread_blocked, id=21980, stack(0x00007f37acdff000,0x00007f37b0000000)]
  0x00007f37b800b000 JavaThread "RMI Scheduler(0)" daemon [_thread_blocked, id=21979, stack(0x00007f37b4dff000,0x00007f37b8000000)]
  0x00007f384800c800 JavaThread "DestroyJavaVM" [_thread_blocked, id=21958, stack(0x00007f384ec9d000,0x00007f3851e9e000)]
  0x00007f3848447800 JavaThread "GC Daemon" daemon [_thread_blocked, id=21976, stack(0x00007f37c4dff000,0x00007f37c8000000)]
  0x00007f384850c000 JavaThread "RMI Reaper" [_thread_blocked, id=21975, stack(0x00007f37ccdff000,0x00007f37d0000000)]
  0x00007f384845d800 JavaThread "RMI TCP Accept-0" daemon [_thread_in_native, id=21974, stack(0x00007f37d8dff000,0x00007f37dc000000)]
  0x00007f38480d4800 JavaThread "Service Thread" daemon [_thread_blocked, id=21972, stack(0x00007f37e4dff000,0x00007f37e8000000)]
  0x00007f38480c7000 JavaThread "C1 CompilerThread2" daemon [_thread_blocked, id=21971, stack(0x00007f3822875000,0x00007f3822976000)]
  0x00007f38480c5800 JavaThread "C2 CompilerThread1" daemon [_thread_blocked, id=21970, stack(0x00007f3822976000,0x00007f3822a77000)]
  0x00007f38480c2800 JavaThread "C2 CompilerThread0" daemon [_thread_blocked, id=21969, stack(0x00007f3822a77000,0x00007f3822b78000)]
  0x00007f38480c0800 JavaThread "JDWP Event Helper Thread" daemon [_thread_blocked, id=21968, stack(0x00007f37f4dff000,0x00007f37f8000000)]
  0x00007f38480bb800 JavaThread "JDWP Transport Listener: dt_socket" daemon [_thread_in_native, id=21967, stack(0x00007f37fcdff000,0x00007f3800000000)]
  0x00007f38480ad000 JavaThread "Signal Dispatcher" daemon [_thread_in_native, id=21966, stack(0x00007f3804dff000,0x00007f3808000000)]
  0x00007f3848086000 JavaThread "Finalizer" daemon [_thread_blocked, id=21965, stack(0x00007f380cdff000,0x00007f3810000000)]
  0x00007f3848081800 JavaThread "Reference Handler" daemon [_thread_blocked, id=21964, stack(0x00007f3818dff000,0x00007f381c000000)]

Other Threads:
  0x00007f384807a000 VMThread [stack: 0x00007f3822d7d000,0x00007f3822e7e000] [id=21963]
  0x00007f38480d7000 WatcherThread [stack: 0x00007f3822774000,0x00007f3822875000] [id=21973]

VM state:not at safepoint (normal execution)

VM Mutex/Monitor currently owned by a thread: None

Heap:
 PSYoungGen      total 36864K, used 3879K [0x000000076ab00000, 0x000000076d400000, 0x00000007c0000000)
  eden space 31744K, 12% used [0x000000076ab00000,0x000000076aec9c70,0x000000076ca00000)
  from space 5120K, 0% used [0x000000076cf00000,0x000000076cf00000,0x000000076d400000)
  to   space 5120K, 0% used [0x000000076ca00000,0x000000076ca00000,0x000000076cf00000)
 ParOldGen       total 84992K, used 2626K [0x00000006c0000000, 0x00000006c5300000, 0x000000076ab00000)
  object space 84992K, 3% used [0x00000006c0000000,0x00000006c0290b18,0x00000006c5300000)
 Metaspace       used 19795K, capacity 20062K, committed 20608K, reserved 1067008K
  class space    used 2472K, capacity 2584K, committed 2688K, reserved 1048576K

Card table byte_map: [0x00007f384c933000,0x00007f384d134000] byte_map_base: 0x00007f3849333000

Marking Bits: (ParMarkBitMap*) 0x00007f3853658fc0
 Begin Bits: [0x00007f3824000000, 0x00007f3828000000)
 End Bits:   [0x00007f3828000000, 0x00007f382c000000)

Polling page: 0x00007f38544aa000

CodeCache: size=245760Kb used=5421Kb max_used=5421Kb free=240338Kb
 bounds [0x00007f3839000000, 0x00007f3839560000, 0x00007f3848000000]
 total_blobs=2243 nmethods=1661 adapters=504
 compilation: enabled

Compilation events (10 events):
Event: 7320.512 Thread 0x00007f38480c7000 1778       3       java.util.concurrent.ScheduledThreadPoolExecutor::reExecutePeriodic (51 bytes)
Event: 7320.513 Thread 0x00007f38480c7000 nmethod 1778 0x00007f3839545050 code [0x00007f3839545260, 0x00007f3839545fc8]
Event: 7500.431 Thread 0x00007f38480c7000 1779       1       java.net.InetAddress::holder (5 bytes)
Event: 7500.432 Thread 0x00007f38480c7000 nmethod 1779 0x00007f38391eae10 code [0x00007f38391eaf60, 0x00007f38391eb070]
Event: 7500.433 Thread 0x00007f38480c7000 1781   !   3       java.io.ObjectStreamClass::readNonProxy (407 bytes)
Event: 7500.435 Thread 0x00007f38480c7000 nmethod 1781 0x00007f38395463d0 code [0x00007f3839546920, 0x00007f3839549c98]
Event: 7500.436 Thread 0x00007f38480c7000 1780       3       java.io.ObjectInputStream::readClassDescriptor (15 bytes)
Event: 7500.436 Thread 0x00007f38480c7000 nmethod 1780 0x00007f383910fed0 code [0x00007f3839110060, 0x00007f3839110328]
Event: 7500.436 Thread 0x00007f38480c7000 1782       3       java.io.ObjectStreamClass::initNonProxy (540 bytes)
Event: 7500.438 Thread 0x00007f38480c7000 nmethod 1782 0x00007f383954bed0 code [0x00007f383954c3c0, 0x00007f383954f608]

GC Heap History (10 events):
Event: 2100.410 GC heap before
{Heap before GC invocations=3 (full 1):
 PSYoungGen      total 36864K, used 31744K [0x000000076ab00000, 0x000000076d400000, 0x00000007c0000000)
  eden space 31744K, 100% used [0x000000076ab00000,0x000000076ca00000,0x000000076ca00000)
  from space 5120K, 0% used [0x000000076ca00000,0x000000076ca00000,0x000000076cf00000)
  to   space 5120K, 0% used [0x000000076cf00000,0x000000076cf00000,0x000000076d400000)
 ParOldGen       total 84992K, used 2942K [0x00000006c0000000, 0x00000006c5300000, 0x000000076ab00000)
  object space 84992K, 3% used [0x00000006c0000000,0x00000006c02dfb08,0x00000006c5300000)
 Metaspace       used 19773K, capacity 20130K, committed 20352K, reserved 1067008K
  class space    used 2486K, capacity 2610K, committed 2688K, reserved 1048576K
Event: 2100.414 GC heap after
Heap after GC invocations=3 (full 1):
 PSYoungGen      total 36864K, used 3207K [0x000000076ab00000, 0x000000076d400000, 0x00000007c0000000)
  eden space 31744K, 0% used [0x000000076ab00000,0x000000076ab00000,0x000000076ca00000)
  from space 5120K, 62% used [0x000000076cf00000,0x000000076d221d20,0x000000076d400000)
  to   space 5120K, 0% used [0x000000076ca00000,0x000000076ca00000,0x000000076cf00000)
 ParOldGen       total 84992K, used 2950K [0x00000006c0000000, 0x00000006c5300000, 0x000000076ab00000)
  object space 84992K, 3% used [0x00000006c0000000,0x00000006c02e1b08,0x00000006c5300000)
 Metaspace       used 19773K, capacity 20130K, committed 20352K, reserved 1067008K
  class space    used 2486K, capacity 2610K, committed 2688K, reserved 1048576K
}
Event: 3600.393 GC heap before
{Heap before GC invocations=4 (full 1):
 PSYoungGen      total 36864K, used 13782K [0x000000076ab00000, 0x000000076d400000, 0x00000007c0000000)
  eden space 31744K, 33% used [0x000000076ab00000,0x000000076b553d70,0x000000076ca00000)
  from space 5120K, 62% used [0x000000076cf00000,0x000000076d221d20,0x000000076d400000)
  to   space 5120K, 0% used [0x000000076ca00000,0x000000076ca00000,0x000000076cf00000)
 ParOldGen       total 84992K, used 2950K [0x00000006c0000000, 0x00000006c5300000, 0x000000076ab00000)
  object space 84992K, 3% used [0x00000006c0000000,0x00000006c02e1b08,0x00000006c5300000)
 Metaspace       used 19831K, capacity 20194K, committed 20608K, reserved 1067008K
  class space    used 2486K, capacity 2610K, committed 2688K, reserved 1048576K
Event: 3600.396 GC heap after
Heap after GC invocations=4 (full 1):
 PSYoungGen      total 36864K, used 1810K [0x000000076ab00000, 0x000000076d400000, 0x00000007c0000000)
  eden space 31744K, 0% used [0x000000076ab00000,0x000000076ab00000,0x000000076ca00000)
  from space 5120K, 35% used [0x000000076ca00000,0x000000076cbc4820,0x000000076cf00000)
  to   space 5120K, 0% used [0x000000076cf00000,0x000000076cf00000,0x000000076d400000)
 ParOldGen       total 84992K, used 2958K [0x00000006c0000000, 0x00000006c5300000, 0x000000076ab00000)
  object space 84992K, 3% used [0x00000006c0000000,0x00000006c02e3b08,0x00000006c5300000)
 Metaspace       used 19831K, capacity 20194K, committed 20608K, reserved 1067008K
  class space    used 2486K, capacity 2610K, committed 2688K, reserved 1048576K
}
Event: 3600.396 GC heap before
{Heap before GC invocations=5 (full 2):
 PSYoungGen      total 36864K, used 1810K [0x000000076ab00000, 0x000000076d400000, 0x00000007c0000000)
  eden space 31744K, 0% used [0x000000076ab00000,0x000000076ab00000,0x000000076ca00000)
  from space 5120K, 35% used [0x000000076ca00000,0x000000076cbc4820,0x000000076cf00000)
  to   space 5120K, 0% used [0x000000076cf00000,0x000000076cf00000,0x000000076d400000)
 ParOldGen       total 84992K, used 2958K [0x00000006c0000000, 0x00000006c5300000, 0x000000076ab00000)
  object space 84992K, 3% used [0x00000006c0000000,0x00000006c02e3b08,0x00000006c5300000)
 Metaspace       used 19831K, capacity 20194K, committed 20608K, reserved 1067008K
  class space    used 2486K, capacity 2610K, committed 2688K, reserved 1048576K
Event: 3600.420 GC heap after
Heap after GC invocations=5 (full 2):
 PSYoungGen      total 36864K, used 0K [0x000000076ab00000, 0x000000076d400000, 0x00000007c0000000)
  eden space 31744K, 0% used [0x000000076ab00000,0x000000076ab00000,0x000000076ca00000)
  from space 5120K, 0% used [0x000000076ca00000,0x000000076ca00000,0x000000076cf00000)
  to   space 5120K, 0% used [0x000000076cf00000,0x000000076cf00000,0x000000076d400000)
 ParOldGen       total 84992K, used 2915K [0x00000006c0000000, 0x00000006c5300000, 0x000000076ab00000)
  object space 84992K, 3% used [0x00000006c0000000,0x00000006c02d8c80,0x00000006c5300000)
 Metaspace       used 19831K, capacity 20194K, committed 20608K, reserved 1067008K
  class space    used 2486K, capacity 2610K, committed 2688K, reserved 1048576K
}
Event: 7200.420 GC heap before
{Heap before GC invocations=6 (full 2):
 PSYoungGen      total 36864K, used 20911K [0x000000076ab00000, 0x000000076d400000, 0x00000007c0000000)
  eden space 31744K, 65% used [0x000000076ab00000,0x000000076bf6bc58,0x000000076ca00000)
  from space 5120K, 0% used [0x000000076ca00000,0x000000076ca00000,0x000000076cf00000)
  to   space 5120K, 0% used [0x000000076cf00000,0x000000076cf00000,0x000000076d400000)
 ParOldGen       total 84992K, used 2915K [0x00000006c0000000, 0x00000006c5300000, 0x000000076ab00000)
  object space 84992K, 3% used [0x00000006c0000000,0x00000006c02d8c80,0x00000006c5300000)
 Metaspace       used 19868K, capacity 20194K, committed 20608K, reserved 1067008K
  class space    used 2486K, capacity 2610K, committed 2688K, reserved 1048576K
Event: 7200.421 GC heap after
Heap after GC invocations=6 (full 2):
 PSYoungGen      total 36864K, used 128K [0x000000076ab00000, 0x000000076d400000, 0x00000007c0000000)
  eden space 31744K, 0% used [0x000000076ab00000,0x000000076ab00000,0x000000076ca00000)
  from space 5120K, 2% used [0x000000076cf00000,0x000000076cf20000,0x000000076d400000)
  to   space 5120K, 0% used [0x000000076ca00000,0x000000076ca00000,0x000000076cf00000)
 ParOldGen       total 84992K, used 2923K [0x00000006c0000000, 0x00000006c5300000, 0x000000076ab00000)
  object space 84992K, 3% used [0x00000006c0000000,0x00000006c02dac80,0x00000006c5300000)
 Metaspace       used 19868K, capacity 20194K, committed 20608K, reserved 1067008K
  class space    used 2486K, capacity 2610K, committed 2688K, reserved 1048576K
}
Event: 7200.421 GC heap before
{Heap before GC invocations=7 (full 3):
 PSYoungGen      total 36864K, used 128K [0x000000076ab00000, 0x000000076d400000, 0x00000007c0000000)
  eden space 31744K, 0% used [0x000000076ab00000,0x000000076ab00000,0x000000076ca00000)
  from space 5120K, 2% used [0x000000076cf00000,0x000000076cf20000,0x000000076d400000)
  to   space 5120K, 0% used [0x000000076ca00000,0x000000076ca00000,0x000000076cf00000)
 ParOldGen       total 84992K, used 2923K [0x00000006c0000000, 0x00000006c5300000, 0x000000076ab00000)
  object space 84992K, 3% used [0x00000006c0000000,0x00000006c02dac80,0x00000006c5300000)
 Metaspace       used 19868K, capacity 20194K, committed 20608K, reserved 1067008K
  class space    used 2486K, capacity 2610K, committed 2688K, reserved 1048576K
Event: 7200.448 GC heap after
Heap after GC invocations=7 (full 3):
 PSYoungGen      total 36864K, used 0K [0x000000076ab00000, 0x000000076d400000, 0x00000007c0000000)
  eden space 31744K, 0% used [0x000000076ab00000,0x000000076ab00000,0x000000076ca00000)
  from space 5120K, 0% used [0x000000076cf00000,0x000000076cf00000,0x000000076d400000)
  to   space 5120K, 0% used [0x000000076ca00000,0x000000076ca00000,0x000000076cf00000)
 ParOldGen       total 84992K, used 2626K [0x00000006c0000000, 0x00000006c5300000, 0x000000076ab00000)
  object space 84992K, 3% used [0x00000006c0000000,0x00000006c0290b18,0x00000006c5300000)
 Metaspace       used 19785K, capacity 20062K, committed 20608K, reserved 1067008K
  class space    used 2472K, capacity 2584K, committed 2688K, reserved 1048576K
}

Deoptimization events (10 events):
Event: 1.964 Thread 0x00007f37d0001800 Uncommon trap: reason=class_check action=maybe_recompile pc=0x00007f38392316b8 method=sun.misc.URLClassPath.getLoader(I)Lsun/misc/URLClassPath$Loader; @ 193
Event: 2.133 Thread 0x00007f37d0001800 Uncommon trap: reason=unstable_if action=reinterpret pc=0x00007f3839240cf4 method=java.util.HashMap.hash(Ljava/lang/Object;)I @ 1
Event: 2.290 Thread 0x00007f37d0001800 Uncommon trap: reason=unstable_if action=reinterpret pc=0x00007f383929368c method=java.lang.AbstractStringBuilder.append(Ljava/lang/String;)Ljava/lang/AbstractStringBuilder; @ 1
Event: 2.291 Thread 0x00007f37d0001800 Uncommon trap: reason=unstable_if action=reinterpret pc=0x00007f383922caf4 method=java.lang.AbstractStringBuilder.append(Ljava/lang/String;)Ljava/lang/AbstractStringBuilder; @ 1
Event: 2.330 Thread 0x00007f37d0001800 Uncommon trap: reason=class_check action=maybe_recompile pc=0x00007f38391885d0 method=java.lang.String.equals(Ljava/lang/Object;)Z @ 8
Event: 2.333 Thread 0x00007f37d0001800 Uncommon trap: reason=class_check action=maybe_recompile pc=0x00007f38391885d0 method=java.lang.String.equals(Ljava/lang/Object;)Z @ 8
Event: 2.334 Thread 0x00007f37d0001800 Uncommon trap: reason=class_check action=maybe_recompile pc=0x00007f38391885d0 method=java.lang.String.equals(Ljava/lang/Object;)Z @ 8
Event: 2.334 Thread 0x00007f37d0001800 Uncommon trap: reason=class_check action=maybe_recompile pc=0x00007f38391885d0 method=java.lang.String.equals(Ljava/lang/Object;)Z @ 8
Event: 2.464 Thread 0x00007f377801a000 Uncommon trap: reason=unstable_if action=reinterpret pc=0x00007f38393c3c30 method=java.util.concurrent.locks.AbstractQueuedSynchronizer.release(I)Z @ 14
Event: 4.277 Thread 0x00007f37d0001800 Uncommon trap: reason=unstable_if action=reinterpret pc=0x00007f3839140868 method=java.lang.String.charAt(I)C @ 10

Internal exceptions (10 events):
Event: 2.075 Thread 0x00007f37d0001800 Exception <a 'java/io/FileNotFoundException'> (0x000000076b5b7208) thrown at [/build/openjdk-8-LWryBH/openjdk-8-8u91-b14/src/hotspot/src/share/vm/prims/jni.cpp, line 709]
Event: 2.090 Thread 0x00007f37d0001800 Exception <a 'java/lang/ClassNotFoundException': sun/dc/DuctusRenderingEngine> (0x000000076b5da9c8) thrown at [/build/openjdk-8-LWryBH/openjdk-8-8u91-b14/src/hotspot/src/share/vm/classfile/systemDictionary.cpp, line 210]
Event: 2.133 Thread 0x00007f37d0001800 Implicit null exception at 0x00007f3839240a34 to 0x00007f3839240cdd
Event: 2.290 Thread 0x00007f37d0001800 Implicit null exception at 0x00007f38392931b6 to 0x00007f3839293671
Event: 2.291 Thread 0x00007f37d0001800 Implicit null exception at 0x00007f383922c676 to 0x00007f383922cadd
Event: 2.462 Thread 0x00007f37b81bc000 Exception <a 'java/lang/UnsupportedOperationException': > (0x000000076b8029e8) thrown at [/build/openjdk-8-LWryBH/openjdk-8-8u91-b14/src/hotspot/src/share/vm/prims/jni.cpp, line 735]
Event: 2.464 Thread 0x00007f377801a000 Implicit null exception at 0x00007f38393c3ba2 to 0x00007f38393c3c1e
Event: 4.613 Thread 0x00007f37b81bc000 Exception <a 'java/lang/UnsupportedOperationException': > (0x000000076bc0a038) thrown at [/build/openjdk-8-LWryBH/openjdk-8-8u91-b14/src/hotspot/src/share/vm/prims/jni.cpp, line 735]
Event: 7.673 Thread 0x00007f37d0001800 Exception <a 'java/lang/NoSuchMethodError': <clinit>> (0x000000076bd3e690) thrown at [/build/openjdk-8-LWryBH/openjdk-8-8u91-b14/src/hotspot/src/share/vm/prims/jni.cpp, line 1613]
Event: 7.673 Thread 0x00007f37d0001800 Exception <a 'java/lang/NoSuchMethodError': <clinit>> (0x000000076bd40080) thrown at [/build/openjdk-8-LWryBH/openjdk-8-8u91-b14/src/hotspot/src/share/vm/prims/jni.cpp, line 1613]

Events (10 events):
Event: 7200.450 Executing VM operation: RevokeBias
Event: 7200.450 Executing VM operation: RevokeBias done
Event: 7275.452 Thread 0x00007f37d0001800 Thread exited: 0x00007f37d0001800
Event: 7500.432 Thread 0x00007f37d0001800 Thread added: 0x00007f37d0001800
Event: 7500.432 Executing VM operation: RevokeBias
Event: 7500.432 Executing VM operation: RevokeBias done
Event: 7500.436 Thread 0x00007f38480c7000 flushing nmethod 0x00007f3839269750
Event: 7500.436 Thread 0x00007f38480c7000 flushing nmethod 0x00007f3839269c50
Event: 7575.434 Thread 0x00007f37d0001800 Thread exited: 0x00007f37d0001800
Event: 7745.004 loading class sun/misc/Signal$1


Dynamic libraries:
6c0000000-6c5300000 rw-p 00000000 00:00 0 
6c5300000-76ab00000 ---p 00000000 00:00 0 
76ab00000-76d400000 rw-p 00000000 00:00 0 
76d400000-7c0000000 ---p 00000000 00:00 0 
7c0000000-7c02a0000 rw-p 00000000 00:00 0 
7c02a0000-800000000 ---p 00000000 00:00 0 
5603d4ab5000-5603d4ab6000 r-xp 00000000 08:02 31203434                   /usr/lib/jvm/java-8-openjdk-amd64/jre/bin/java
5603d4cb5000-5603d4cb6000 r--p 00000000 08:02 31203434                   /usr/lib/jvm/java-8-openjdk-amd64/jre/bin/java
5603d4cb6000-5603d4cb7000 rw-p 00001000 08:02 31203434                   /usr/lib/jvm/java-8-openjdk-amd64/jre/bin/java
5603d5c61000-5603d5c82000 rw-p 00000000 00:00 0                          [heap]
7f3768000000-7f3768021000 rw-p 00000000 00:00 0 
7f3768021000-7f376c000000 ---p 00000000 00:00 0 
7f376cdff000-7f376ce02000 ---p 00000000 00:00 0 
7f376ce02000-7f3770000000 rw-p 00000000 00:00 0 
7f3770000000-7f3770021000 rw-p 00000000 00:00 0 
7f3770021000-7f3774000000 ---p 00000000 00:00 0 
7f3778000000-7f377802c000 rw-p 00000000 00:00 0 
7f377802c000-7f377c000000 ---p 00000000 00:00 0 
7f3780000000-7f3780021000 rw-p 00000000 00:00 0 
7f3780021000-7f3784000000 ---p 00000000 00:00 0 
7f3788000000-7f3788021000 rw-p 00000000 00:00 0 
7f3788021000-7f378c000000 ---p 00000000 00:00 0 
7f3790000000-7f3790021000 rw-p 00000000 00:00 0 
7f3790021000-7f3794000000 ---p 00000000 00:00 0 
7f3794dff000-7f3794e02000 ---p 00000000 00:00 0 
7f3794e02000-7f3798000000 rw-p 00000000 00:00 0 
7f3798000000-7f3798021000 rw-p 00000000 00:00 0 
7f3798021000-7f379c000000 ---p 00000000 00:00 0 
7f379cdff000-7f379ce02000 ---p 00000000 00:00 0 
7f379ce02000-7f37a0000000 rw-p 00000000 00:00 0 
7f37a0000000-7f37a0021000 rw-p 00000000 00:00 0 
7f37a0021000-7f37a4000000 ---p 00000000 00:00 0 
7f37a4dff000-7f37a4e02000 ---p 00000000 00:00 0 
7f37a4e02000-7f37a8000000 rw-p 00000000 00:00 0 
7f37a8000000-7f37a8021000 rw-p 00000000 00:00 0 
7f37a8021000-7f37ac000000 ---p 00000000 00:00 0 
7f37acdff000-7f37ace02000 ---p 00000000 00:00 0 
7f37ace02000-7f37b0000000 rw-p 00000000 00:00 0 
7f37b0000000-7f37b0021000 rw-p 00000000 00:00 0 
7f37b0021000-7f37b4000000 ---p 00000000 00:00 0 
7f37b4dff000-7f37b4e02000 ---p 00000000 00:00 0 
7f37b4e02000-7f37b8000000 rw-p 00000000 00:00 0 
7f37b8000000-7f37b825f000 rw-p 00000000 00:00 0 
7f37b825f000-7f37bc000000 ---p 00000000 00:00 0 
7f37bcdff000-7f37bce02000 ---p 00000000 00:00 0 
7f37bce02000-7f37c0000000 rw-p 00000000 00:00 0 
7f37c0000000-7f37c0021000 rw-p 00000000 00:00 0 
7f37c0021000-7f37c4000000 ---p 00000000 00:00 0 
7f37c4dff000-7f37c4e02000 ---p 00000000 00:00 0 
7f37c4e02000-7f37c8000000 rw-p 00000000 00:00 0 
7f37c8000000-7f37c8021000 rw-p 00000000 00:00 0 
7f37c8021000-7f37cc000000 ---p 00000000 00:00 0 
7f37ccdff000-7f37cce02000 ---p 00000000 00:00 0 
7f37cce02000-7f37d0000000 rw-p 00000000 00:00 0 
7f37d0000000-7f37d0021000 rw-p 00000000 00:00 0 
7f37d0021000-7f37d4000000 ---p 00000000 00:00 0 
7f37d4000000-7f37d4021000 rw-p 00000000 00:00 0 
7f37d4021000-7f37d8000000 ---p 00000000 00:00 0 
7f37d8dff000-7f37d8e02000 ---p 00000000 00:00 0 
7f37d8e02000-7f37dc000000 rw-p 00000000 00:00 0 
7f37dc000000-7f37dc021000 rw-p 00000000 00:00 0 
7f37dc021000-7f37e0000000 ---p 00000000 00:00 0 
7f37e0000000-7f37e0559000 rw-p 00000000 00:00 0 
7f37e0559000-7f37e4000000 ---p 00000000 00:00 0 
7f37e4dff000-7f37e4e02000 ---p 00000000 00:00 0 
7f37e4e02000-7f37e8000000 rw-p 00000000 00:00 0 
7f37e8000000-7f37e84f8000 rw-p 00000000 00:00 0 
7f37e84f8000-7f37ec000000 ---p 00000000 00:00 0 
7f37ec000000-7f37ec540000 rw-p 00000000 00:00 0 
7f37ec540000-7f37f0000000 ---p 00000000 00:00 0 
7f37f0000000-7f37f0021000 rw-p 00000000 00:00 0 
7f37f0021000-7f37f4000000 ---p 00000000 00:00 0 
7f37f4dff000-7f37f4e02000 ---p 00000000 00:00 0 
7f37f4e02000-7f37f8000000 rw-p 00000000 00:00 0 
7f37f8000000-7f37f8021000 rw-p 00000000 00:00 0 
7f37f8021000-7f37fc000000 ---p 00000000 00:00 0 
7f37fcdff000-7f37fce02000 ---p 00000000 00:00 0 
7f37fce02000-7f3800000000 rw-p 00000000 00:00 0 
7f3800000000-7f3800021000 rw-p 00000000 00:00 0 
7f3800021000-7f3804000000 ---p 00000000 00:00 0 
7f3804dff000-7f3804e02000 ---p 00000000 00:00 0 
7f3804e02000-7f3808000000 rw-p 00000000 00:00 0 
7f3808000000-7f3808021000 rw-p 00000000 00:00 0 
7f3808021000-7f380c000000 ---p 00000000 00:00 0 
7f380cbff000-7f380cd7f000 rw-p 00000000 00:00 0 
7f380cd7f000-7f380cdff000 ---p 00000000 00:00 0 
7f380cdff000-7f380ce02000 ---p 00000000 00:00 0 
7f380ce02000-7f3810000000 rw-p 00000000 00:00 0 
7f3810000000-7f3810021000 rw-p 00000000 00:00 0 
7f3810021000-7f3814000000 ---p 00000000 00:00 0 
7f3814000000-7f3814021000 rw-p 00000000 00:00 0 
7f3814021000-7f3818000000 ---p 00000000 00:00 0 
7f38181dc000-7f38181ed000 r-xp 00000000 08:02 30933947                   /usr/lib/jvm/java-8-openjdk-amd64/jre/lib/amd64/libnio.so
7f38181ed000-7f38183ed000 ---p 00011000 08:02 30933947                   /usr/lib/jvm/java-8-openjdk-amd64/jre/lib/amd64/libnio.so
7f38183ed000-7f38183ee000 r--p 00011000 08:02 30933947                   /usr/lib/jvm/java-8-openjdk-amd64/jre/lib/amd64/libnio.so
7f38183ee000-7f38183ef000 rw-p 00012000 08:02 30933947                   /usr/lib/jvm/java-8-openjdk-amd64/jre/lib/amd64/libnio.so
7f38183ef000-7f38185ef000 rw-p 00000000 00:00 0 
7f38185ef000-7f38187ef000 rw-p 00000000 00:00 0 
7f38187ef000-7f38187f4000 r-xp 00000000 08:02 30673321                   /usr/lib/x86_64-linux-gnu/libXfixes.so.3.1.0
7f38187f4000-7f38189f3000 ---p 00005000 08:02 30673321                   /usr/lib/x86_64-linux-gnu/libXfixes.so.3.1.0
7f38189f3000-7f38189f4000 r--p 00004000 08:02 30673321                   /usr/lib/x86_64-linux-gnu/libXfixes.so.3.1.0
7f38189f4000-7f38189f5000 rw-p 00005000 08:02 30673321                   /usr/lib/x86_64-linux-gnu/libXfixes.so.3.1.0
7f38189f5000-7f38189fe000 r-xp 00000000 08:02 30678682                   /usr/lib/x86_64-linux-gnu/libXcursor.so.1.0.2
7f38189fe000-7f3818bfd000 ---p 00009000 08:02 30678682                   /usr/lib/x86_64-linux-gnu/libXcursor.so.1.0.2
7f3818bfd000-7f3818bfe000 r--p 00008000 08:02 30678682                   /usr/lib/x86_64-linux-gnu/libXcursor.so.1.0.2
7f3818bfe000-7f3818bff000 rw-p 00009000 08:02 30678682                   /usr/lib/x86_64-linux-gnu/libXcursor.so.1.0.2
7f3818bff000-7f3818dff000 rw-p 00000000 00:00 0 
7f3818dff000-7f3818e02000 ---p 00000000 00:00 0 
7f3818e02000-7f381c000000 rw-p 00000000 00:00 0 
7f381c000000-7f381c021000 rw-p 00000000 00:00 0 
7f381c021000-7f3820000000 ---p 00000000 00:00 0 
7f382015b000-7f382018b000 r-xp 00000000 08:02 30671773                   /usr/lib/x86_64-linux-gnu/libpng16.so.16.23.0
7f382018b000-7f382038b000 ---p 00030000 08:02 30671773                   /usr/lib/x86_64-linux-gnu/libpng16.so.16.23.0
7f382038b000-7f382038c000 r--p 00030000 08:02 30671773                   /usr/lib/x86_64-linux-gnu/libpng16.so.16.23.0
7f382038c000-7f382038d000 rw-p 00031000 08:02 30671773                   /usr/lib/x86_64-linux-gnu/libpng16.so.16.23.0
7f382038d000-7f3820433000 r-xp 00000000 08:02 30678020                   /usr/lib/x86_64-linux-gnu/libfreetype.so.6.12.3
7f3820433000-7f3820633000 ---p 000a6000 08:02 30678020                   /usr/lib/x86_64-linux-gnu/libfreetype.so.6.12.3
7f3820633000-7f3820639000 r--p 000a6000 08:02 30678020                   /usr/lib/x86_64-linux-gnu/libfreetype.so.6.12.3
7f3820639000-7f382063a000 rw-p 000ac000 08:02 30678020                   /usr/lib/x86_64-linux-gnu/libfreetype.so.6.12.3
7f382065c000-7f38206ae000 r-xp 00000000 08:02 30933925                   /usr/lib/jvm/java-8-openjdk-amd64/jre/lib/amd64/libfontmanager.so
7f38206ae000-7f38208ae000 ---p 00052000 08:02 30933925                   /usr/lib/jvm/java-8-openjdk-amd64/jre/lib/amd64/libfontmanager.so
7f38208ae000-7f38208b0000 r--p 00052000 08:02 30933925                   /usr/lib/jvm/java-8-openjdk-amd64/jre/lib/amd64/libfontmanager.so
7f38208b0000-7f38208b1000 rw-p 00054000 08:02 30933925                   /usr/lib/jvm/java-8-openjdk-amd64/jre/lib/amd64/libfontmanager.so
7f38208b1000-7f38208b6000 r-xp 00000000 08:02 30678686                   /usr/lib/x86_64-linux-gnu/libXdmcp.so.6.0.0
7f38208b6000-7f3820ab5000 ---p 00005000 08:02 30678686                   /usr/lib/x86_64-linux-gnu/libXdmcp.so.6.0.0
7f3820ab5000-7f3820ab6000 r--p 00004000 08:02 30678686                   /usr/lib/x86_64-linux-gnu/libXdmcp.so.6.0.0
7f3820ab6000-7f3820ab7000 rw-p 00005000 08:02 30678686                   /usr/lib/x86_64-linux-gnu/libXdmcp.so.6.0.0
7f3820ab7000-7f3820ab9000 r-xp 00000000 08:02 30678675                   /usr/lib/x86_64-linux-gnu/libXau.so.6.0.0
7f3820ab9000-7f3820cb9000 ---p 00002000 08:02 30678675                   /usr/lib/x86_64-linux-gnu/libXau.so.6.0.0
7f3820cb9000-7f3820cba000 r--p 00002000 08:02 30678675                   /usr/lib/x86_64-linux-gnu/libXau.so.6.0.0
7f3820cba000-7f3820cbb000 rw-p 00003000 08:02 30678675                   /usr/lib/x86_64-linux-gnu/libXau.so.6.0.0
7f3820cbb000-7f3820cdc000 r-xp 00000000 08:02 30680053                   /usr/lib/x86_64-linux-gnu/libxcb.so.1.1.0
7f3820cdc000-7f3820edb000 ---p 00021000 08:02 30680053                   /usr/lib/x86_64-linux-gnu/libxcb.so.1.1.0
7f3820edb000-7f3820edc000 r--p 00020000 08:02 30680053                   /usr/lib/x86_64-linux-gnu/libxcb.so.1.1.0
7f3820edc000-7f3820edd000 rw-p 00021000 08:02 30680053                   /usr/lib/x86_64-linux-gnu/libxcb.so.1.1.0
7f3820edd000-7f3820eec000 r-xp 00000000 08:02 30678696                   /usr/lib/x86_64-linux-gnu/libXi.so.6.1.0
7f3820eec000-7f38210eb000 ---p 0000f000 08:02 30678696                   /usr/lib/x86_64-linux-gnu/libXi.so.6.1.0
7f38210eb000-7f38210ec000 r--p 0000e000 08:02 30678696                   /usr/lib/x86_64-linux-gnu/libXi.so.6.1.0
7f38210ec000-7f38210ed000 rw-p 0000f000 08:02 30678696                   /usr/lib/x86_64-linux-gnu/libXi.so.6.1.0
7f38210ed000-7f38210f2000 r-xp 00000000 08:02 30678714                   /usr/lib/x86_64-linux-gnu/libXtst.so.6.1.0
7f38210f2000-7f38212f1000 ---p 00005000 08:02 30678714                   /usr/lib/x86_64-linux-gnu/libXtst.so.6.1.0
7f38212f1000-7f38212f2000 r--p 00004000 08:02 30678714                   /usr/lib/x86_64-linux-gnu/libXtst.so.6.1.0
7f38212f2000-7f38212f3000 rw-p 00005000 08:02 30678714                   /usr/lib/x86_64-linux-gnu/libXtst.so.6.1.0
7f38212f3000-7f38212fc000 r-xp 00000000 08:02 30678026                   /usr/lib/x86_64-linux-gnu/libXrender.so.1.3.0
7f38212fc000-7f38214fb000 ---p 00009000 08:02 30678026                   /usr/lib/x86_64-linux-gnu/libXrender.so.1.3.0
7f38214fb000-7f38214fc000 r--p 00008000 08:02 30678026                   /usr/lib/x86_64-linux-gnu/libXrender.so.1.3.0
7f38214fc000-7f38214fd000 rw-p 00009000 08:02 30678026                   /usr/lib/x86_64-linux-gnu/libXrender.so.1.3.0
7f38214fd000-7f3821632000 r-xp 00000000 08:02 30677130                   /usr/lib/x86_64-linux-gnu/libX11.so.6.3.0
7f3821632000-7f3821831000 ---p 00135000 08:02 30677130                   /usr/lib/x86_64-linux-gnu/libX11.so.6.3.0
7f3821831000-7f3821832000 r--p 00134000 08:02 30677130                   /usr/lib/x86_64-linux-gnu/libX11.so.6.3.0
7f3821832000-7f3821836000 rw-p 00135000 08:02 30677130                   /usr/lib/x86_64-linux-gnu/libX11.so.6.3.0
7f3821836000-7f3821847000 r-xp 00000000 08:02 30678688                   /usr/lib/x86_64-linux-gnu/libXext.so.6.4.0
7f3821847000-7f3821a46000 ---p 00011000 08:02 30678688                   /usr/lib/x86_64-linux-gnu/libXext.so.6.4.0
7f3821a46000-7f3821a47000 r--p 00010000 08:02 30678688                   /usr/lib/x86_64-linux-gnu/libXext.so.6.4.0
7f3821a47000-7f3821a48000 rw-p 00011000 08:02 30678688                   /usr/lib/x86_64-linux-gnu/libXext.so.6.4.0
7f3821a57000-7f3821a6a000 r--s 00345000 08:02 30933972                   /usr/lib/jvm/java-8-openjdk-amd64/jre/lib/resources.jar
7f3821a6a000-7f3821abe000 r-xp 00000000 08:02 30933923                   /usr/lib/jvm/java-8-openjdk-amd64/jre/lib/amd64/libawt_xawt.so
7f3821abe000-7f3821cbe000 ---p 00054000 08:02 30933923                   /usr/lib/jvm/java-8-openjdk-amd64/jre/lib/amd64/libawt_xawt.so
7f3821cbe000-7f3821cbf000 r--p 00054000 08:02 30933923                   /usr/lib/jvm/java-8-openjdk-amd64/jre/lib/amd64/libawt_xawt.so
7f3821cbf000-7f3821cc2000 rw-p 00055000 08:02 30933923                   /usr/lib/jvm/java-8-openjdk-amd64/jre/lib/amd64/libawt_xawt.so
7f3821cc2000-7f3821cc3000 rw-p 00000000 00:00 0 
7f3821cc3000-7f3821d63000 r-xp 00000000 08:02 30933920                   /usr/lib/jvm/java-8-openjdk-amd64/jre/lib/amd64/libawt.so
7f3821d63000-7f3821f63000 ---p 000a0000 08:02 30933920                   /usr/lib/jvm/java-8-openjdk-amd64/jre/lib/amd64/libawt.so
7f3821f63000-7f3821f64000 r--p 000a0000 08:02 30933920                   /usr/lib/jvm/java-8-openjdk-amd64/jre/lib/amd64/libawt.so
7f3821f64000-7f3821f6f000 rw-p 000a1000 08:02 30933920                   /usr/lib/jvm/java-8-openjdk-amd64/jre/lib/amd64/libawt.so
7f3821f6f000-7f3822194000 rw-p 00000000 00:00 0 
7f3822194000-7f3822495000 rw-p 00000000 00:00 0 
7f3822495000-7f38224ac000 r-xp 00000000 08:02 30933946                   /usr/lib/jvm/java-8-openjdk-amd64/jre/lib/amd64/libnet.so
7f38224ac000-7f38226ab000 ---p 00017000 08:02 30933946                   /usr/lib/jvm/java-8-openjdk-amd64/jre/lib/amd64/libnet.so
7f38226ab000-7f38226ac000 r--p 00016000 08:02 30933946                   /usr/lib/jvm/java-8-openjdk-amd64/jre/lib/amd64/libnet.so
7f38226ac000-7f38226ad000 rw-p 00017000 08:02 30933946                   /usr/lib/jvm/java-8-openjdk-amd64/jre/lib/amd64/libnet.so
7f38226ad000-7f382273d000 r--s 00bc5000 08:02 16661512                   /home/ken/Downloads/drjava-stable-20140826-r5761.jar
7f382273d000-7f3822759000 r--s 00393000 08:02 31064511                   /usr/lib/jvm/java-8-openjdk-amd64/jre/lib/ext/cldrdata.jar
7f3822759000-7f3822774000 r--s 001d7000 08:02 31064521                   /usr/lib/jvm/java-8-openjdk-amd64/jre/lib/ext/nashorn.jar
7f3822774000-7f3822775000 ---p 00000000 00:00 0 
7f3822775000-7f3822875000 rw-p 00000000 00:00 0 
7f3822875000-7f3822878000 ---p 00000000 00:00 0 
7f3822878000-7f3822976000 rw-p 00000000 00:00 0 
7f3822976000-7f3822979000 ---p 00000000 00:00 0 
7f3822979000-7f3822a77000 rw-p 00000000 00:00 0 
7f3822a77000-7f3822a7a000 ---p 00000000 00:00 0 
7f3822a7a000-7f3822b78000 rw-p 00000000 00:00 0 
7f3822b78000-7f3822b7c000 r-xp 00000000 08:02 30933924                   /usr/lib/jvm/java-8-openjdk-amd64/jre/lib/amd64/libdt_socket.so
7f3822b7c000-7f3822d7b000 ---p 00004000 08:02 30933924                   /usr/lib/jvm/java-8-openjdk-amd64/jre/lib/amd64/libdt_socket.so
7f3822d7b000-7f3822d7c000 r--p 00003000 08:02 30933924                   /usr/lib/jvm/java-8-openjdk-amd64/jre/lib/amd64/libdt_socket.so
7f3822d7c000-7f3822d7d000 rw-p 00004000 08:02 30933924                   /usr/lib/jvm/java-8-openjdk-amd64/jre/lib/amd64/libdt_socket.so
7f3822d7d000-7f3822d7e000 ---p 00000000 00:00 0 
7f3822d7e000-7f3823e32000 rw-p 00000000 00:00 0 
7f3823e32000-7f3824000000 r--s 03be7000 08:02 30933973                   /usr/lib/jvm/java-8-openjdk-amd64/jre/lib/rt.jar
7f3824000000-7f382c000000 rw-p 00000000 00:00 0 
7f382c000000-7f382c021000 rw-p 00000000 00:00 0 
7f382c021000-7f3830000000 ---p 00000000 00:00 0 
7f3830000000-7f3830021000 rw-p 00000000 00:00 0 
7f3830021000-7f3834000000 ---p 00000000 00:00 0 
7f3834000000-7f3834021000 rw-p 00000000 00:00 0 
7f3834021000-7f3838000000 ---p 00000000 00:00 0 
7f3838000000-7f3838800000 rw-p 00000000 00:00 0 
7f3838800000-7f3839000000 rw-p 00000000 00:00 0 
7f3839000000-7f3839560000 rwxp 00000000 00:00 0 
7f3839560000-7f3848000000 ---p 00000000 00:00 0 
7f3848000000-7f384851a000 rw-p 00000000 00:00 0 
7f384851a000-7f384c000000 ---p 00000000 00:00 0 
7f384c00d000-7f384c017000 r--s 00116000 08:02 31064519                   /usr/lib/jvm/java-8-openjdk-amd64/jre/lib/ext/localedata.jar
7f384c017000-7f384c0da000 rw-p 00000000 00:00 0 
7f384c0da000-7f384c0db000 ---p 00000000 00:00 0 
7f384c0db000-7f384c1db000 rw-p 00000000 00:00 0 
7f384c1db000-7f384c1dc000 ---p 00000000 00:00 0 
7f384c1dc000-7f384c2dc000 rw-p 00000000 00:00 0 
7f384c2dc000-7f384c2dd000 ---p 00000000 00:00 0 
7f384c2dd000-7f384c407000 rw-p 00000000 00:00 0 
7f384c407000-7f384c933000 ---p 00000000 00:00 0 
7f384c933000-7f384c95d000 rw-p 00000000 00:00 0 
7f384c95d000-7f384ce88000 ---p 00000000 00:00 0 
7f384ce88000-7f384ce9d000 rw-p 00000000 00:00 0 
7f384ce9d000-7f384d133000 ---p 00000000 00:00 0 
7f384d133000-7f384d14a000 rw-p 00000000 00:00 0 
7f384d14a000-7f384d4f4000 ---p 00000000 00:00 0 
7f384d4f4000-7f384d4fc000 r-xp 00000000 08:02 30933954                   /usr/lib/jvm/java-8-openjdk-amd64/jre/lib/amd64/libzip.so
7f384d4fc000-7f384d6fb000 ---p 00008000 08:02 30933954                   /usr/lib/jvm/java-8-openjdk-amd64/jre/lib/amd64/libzip.so
7f384d6fb000-7f384d6fc000 r--p 00007000 08:02 30933954                   /usr/lib/jvm/java-8-openjdk-amd64/jre/lib/amd64/libzip.so
7f384d6fc000-7f384d6fd000 rw-p 00008000 08:02 30933954                   /usr/lib/jvm/java-8-openjdk-amd64/jre/lib/amd64/libzip.so
7f384d6fd000-7f384d708000 r-xp 00000000 08:02 8127231                    /lib/x86_64-linux-gnu/libnss_files-2.23.so
7f384d708000-7f384d907000 ---p 0000b000 08:02 8127231                    /lib/x86_64-linux-gnu/libnss_files-2.23.so
7f384d907000-7f384d908000 r--p 0000a000 08:02 8127231                    /lib/x86_64-linux-gnu/libnss_files-2.23.so
7f384d908000-7f384d909000 rw-p 0000b000 08:02 8127231                    /lib/x86_64-linux-gnu/libnss_files-2.23.so
7f384d909000-7f384d90f000 rw-p 00000000 00:00 0 
7f384d90f000-7f384d91a000 r-xp 00000000 08:02 8127233                    /lib/x86_64-linux-gnu/libnss_nis-2.23.so
7f384d91a000-7f384db19000 ---p 0000b000 08:02 8127233                    /lib/x86_64-linux-gnu/libnss_nis-2.23.so
7f384db19000-7f384db1a000 r--p 0000a000 08:02 8127233                    /lib/x86_64-linux-gnu/libnss_nis-2.23.so
7f384db1a000-7f384db1b000 rw-p 0000b000 08:02 8127233                    /lib/x86_64-linux-gnu/libnss_nis-2.23.so
7f384db1b000-7f384db31000 r-xp 00000000 08:02 8127228                    /lib/x86_64-linux-gnu/libnsl-2.23.so
7f384db31000-7f384dd30000 ---p 00016000 08:02 8127228                    /lib/x86_64-linux-gnu/libnsl-2.23.so
7f384dd30000-7f384dd31000 r--p 00015000 08:02 8127228                    /lib/x86_64-linux-gnu/libnsl-2.23.so
7f384dd31000-7f384dd32000 rw-p 00016000 08:02 8127228                    /lib/x86_64-linux-gnu/libnsl-2.23.so
7f384dd32000-7f384dd34000 rw-p 00000000 00:00 0 
7f384dd34000-7f384dd3c000 r-xp 00000000 08:02 8127229                    /lib/x86_64-linux-gnu/libnss_compat-2.23.so
7f384dd3c000-7f384df3b000 ---p 00008000 08:02 8127229                    /lib/x86_64-linux-gnu/libnss_compat-2.23.so
7f384df3b000-7f384df3c000 r--p 00007000 08:02 8127229                    /lib/x86_64-linux-gnu/libnss_compat-2.23.so
7f384df3c000-7f384df3d000 rw-p 00008000 08:02 8127229                    /lib/x86_64-linux-gnu/libnss_compat-2.23.so
7f384df3d000-7f384e215000 r--p 00000000 08:02 30671518                   /usr/lib/locale/locale-archive
7f384e215000-7f384e217000 r-xp 00000000 08:02 30933948                   /usr/lib/jvm/java-8-openjdk-amd64/jre/lib/amd64/libnpt.so
7f384e217000-7f384e417000 ---p 00002000 08:02 30933948                   /usr/lib/jvm/java-8-openjdk-amd64/jre/lib/amd64/libnpt.so
7f384e417000-7f384e418000 r--p 00002000 08:02 30933948                   /usr/lib/jvm/java-8-openjdk-amd64/jre/lib/amd64/libnpt.so
7f384e418000-7f384e419000 rw-p 00003000 08:02 30933948                   /usr/lib/jvm/java-8-openjdk-amd64/jre/lib/amd64/libnpt.so
7f384e419000-7f384e454000 r-xp 00000000 08:02 30933940                   /usr/lib/jvm/java-8-openjdk-amd64/jre/lib/amd64/libjdwp.so
7f384e454000-7f384e653000 ---p 0003b000 08:02 30933940                   /usr/lib/jvm/java-8-openjdk-amd64/jre/lib/amd64/libjdwp.so
7f384e653000-7f384e654000 r--p 0003a000 08:02 30933940                   /usr/lib/jvm/java-8-openjdk-amd64/jre/lib/amd64/libjdwp.so
7f384e654000-7f384e655000 rw-p 0003b000 08:02 30933940                   /usr/lib/jvm/java-8-openjdk-amd64/jre/lib/amd64/libjdwp.so
7f384e655000-7f384e682000 r-xp 00000000 08:02 30933935                   /usr/lib/jvm/java-8-openjdk-amd64/jre/lib/amd64/libjava.so
7f384e682000-7f384e881000 ---p 0002d000 08:02 30933935                   /usr/lib/jvm/java-8-openjdk-amd64/jre/lib/amd64/libjava.so
7f384e881000-7f384e882000 r--p 0002c000 08:02 30933935                   /usr/lib/jvm/java-8-openjdk-amd64/jre/lib/amd64/libjava.so
7f384e882000-7f384e884000 rw-p 0002d000 08:02 30933935                   /usr/lib/jvm/java-8-openjdk-amd64/jre/lib/amd64/libjava.so
7f384e884000-7f384e893000 r-xp 00000000 08:02 30933953                   /usr/lib/jvm/java-8-openjdk-amd64/jre/lib/amd64/libverify.so
7f384e893000-7f384ea92000 ---p 0000f000 08:02 30933953                   /usr/lib/jvm/java-8-openjdk-amd64/jre/lib/amd64/libverify.so
7f384ea92000-7f384ea94000 r--p 0000e000 08:02 30933953                   /usr/lib/jvm/java-8-openjdk-amd64/jre/lib/amd64/libverify.so
7f384ea94000-7f384ea95000 rw-p 00010000 08:02 30933953                   /usr/lib/jvm/java-8-openjdk-amd64/jre/lib/amd64/libverify.so
7f384ea95000-7f384ea9c000 r-xp 00000000 08:02 8127238                    /lib/x86_64-linux-gnu/librt-2.23.so
7f384ea9c000-7f384ec9b000 ---p 00007000 08:02 8127238                    /lib/x86_64-linux-gnu/librt-2.23.so
7f384ec9b000-7f384ec9c000 r--p 00006000 08:02 8127238                    /lib/x86_64-linux-gnu/librt-2.23.so
7f384ec9c000-7f384ec9d000 rw-p 00007000 08:02 8127238                    /lib/x86_64-linux-gnu/librt-2.23.so
7f384ec9d000-7f384eca0000 ---p 00000000 00:00 0 
7f384eca0000-7f3851e9e000 rw-p 00000000 00:00 0 
7f3851e9e000-7f3851eb4000 r-xp 00000000 08:02 8127038                    /lib/x86_64-linux-gnu/libgcc_s.so.1
7f3851eb4000-7f38520b3000 ---p 00016000 08:02 8127038                    /lib/x86_64-linux-gnu/libgcc_s.so.1
7f38520b3000-7f38520b4000 r--p 00015000 08:02 8127038                    /lib/x86_64-linux-gnu/libgcc_s.so.1
7f38520b4000-7f38520b5000 rw-p 00016000 08:02 8127038                    /lib/x86_64-linux-gnu/libgcc_s.so.1
7f38520b5000-7f38521bd000 r-xp 00000000 08:02 8127225                    /lib/x86_64-linux-gnu/libm-2.23.so
7f38521bd000-7f38523bc000 ---p 00108000 08:02 8127225                    /lib/x86_64-linux-gnu/libm-2.23.so
7f38523bc000-7f38523bd000 r--p 00107000 08:02 8127225                    /lib/x86_64-linux-gnu/libm-2.23.so
7f38523bd000-7f38523be000 rw-p 00108000 08:02 8127225                    /lib/x86_64-linux-gnu/libm-2.23.so
7f38523be000-7f3852535000 r-xp 00000000 08:02 30671033                   /usr/lib/x86_64-linux-gnu/libstdc++.so.6.0.22
7f3852535000-7f3852735000 ---p 00177000 08:02 30671033                   /usr/lib/x86_64-linux-gnu/libstdc++.so.6.0.22
7f3852735000-7f385273f000 r--p 00177000 08:02 30671033                   /usr/lib/x86_64-linux-gnu/libstdc++.so.6.0.22
7f385273f000-7f3852741000 rw-p 00181000 08:02 30671033                   /usr/lib/x86_64-linux-gnu/libstdc++.so.6.0.22
7f3852741000-7f3852745000 rw-p 00000000 00:00 0 
7f3852745000-7f385338b000 r-xp 00000000 08:02 31064509                   /usr/lib/jvm/java-8-openjdk-amd64/jre/lib/amd64/server/libjvm.so
7f385338b000-7f385358a000 ---p 00c46000 08:02 31064509                   /usr/lib/jvm/java-8-openjdk-amd64/jre/lib/amd64/server/libjvm.so
7f385358a000-7f385361d000 r--p 00c45000 08:02 31064509                   /usr/lib/jvm/java-8-openjdk-amd64/jre/lib/amd64/server/libjvm.so
7f385361d000-7f3853645000 rw-p 00cd8000 08:02 31064509                   /usr/lib/jvm/java-8-openjdk-amd64/jre/lib/amd64/server/libjvm.so
7f3853645000-7f3853675000 rw-p 00000000 00:00 0 
7f3853675000-7f385368d000 r-xp 00000000 08:02 8127236                    /lib/x86_64-linux-gnu/libpthread-2.23.so
7f385368d000-7f385388c000 ---p 00018000 08:02 8127236                    /lib/x86_64-linux-gnu/libpthread-2.23.so
7f385388c000-7f385388d000 r--p 00017000 08:02 8127236                    /lib/x86_64-linux-gnu/libpthread-2.23.so
7f385388d000-7f385388e000 rw-p 00018000 08:02 8127236                    /lib/x86_64-linux-gnu/libpthread-2.23.so
7f385388e000-7f3853892000 rw-p 00000000 00:00 0 
7f3853892000-7f3853895000 r-xp 00000000 08:02 8127224                    /lib/x86_64-linux-gnu/libdl-2.23.so
7f3853895000-7f3853a94000 ---p 00003000 08:02 8127224                    /lib/x86_64-linux-gnu/libdl-2.23.so
7f3853a94000-7f3853a95000 r--p 00002000 08:02 8127224                    /lib/x86_64-linux-gnu/libdl-2.23.so
7f3853a95000-7f3853a96000 rw-p 00003000 08:02 8127224                    /lib/x86_64-linux-gnu/libdl-2.23.so
7f3853a96000-7f3853aaf000 r-xp 00000000 08:02 8130558                    /lib/x86_64-linux-gnu/libz.so.1.2.8
7f3853aaf000-7f3853cae000 ---p 00019000 08:02 8130558                    /lib/x86_64-linux-gnu/libz.so.1.2.8
7f3853cae000-7f3853caf000 r--p 00018000 08:02 8130558                    /lib/x86_64-linux-gnu/libz.so.1.2.8
7f3853caf000-7f3853cb0000 rw-p 00019000 08:02 8130558                    /lib/x86_64-linux-gnu/libz.so.1.2.8
7f3853cb0000-7f3853e6f000 r-xp 00000000 08:02 8127069                    /lib/x86_64-linux-gnu/libc-2.23.so
7f3853e6f000-7f385406f000 ---p 001bf000 08:02 8127069                    /lib/x86_64-linux-gnu/libc-2.23.so
7f385406f000-7f3854073000 r--p 001bf000 08:02 8127069                    /lib/x86_64-linux-gnu/libc-2.23.so
7f3854073000-7f3854075000 rw-p 001c3000 08:02 8127069                    /lib/x86_64-linux-gnu/libc-2.23.so
7f3854075000-7f3854079000 rw-p 00000000 00:00 0 
7f3854079000-7f3854086000 r-xp 00000000 08:02 31064167                   /usr/lib/jvm/java-8-openjdk-amd64/jre/lib/amd64/jli/libjli.so
7f3854086000-7f3854286000 ---p 0000d000 08:02 31064167                   /usr/lib/jvm/java-8-openjdk-amd64/jre/lib/amd64/jli/libjli.so
7f3854286000-7f3854287000 r--p 0000d000 08:02 31064167                   /usr/lib/jvm/java-8-openjdk-amd64/jre/lib/amd64/jli/libjli.so
7f3854287000-7f3854288000 rw-p 0000e000 08:02 31064167                   /usr/lib/jvm/java-8-openjdk-amd64/jre/lib/amd64/jli/libjli.so
7f3854288000-7f38542ae000 r-xp 00000000 08:02 8126717                    /lib/x86_64-linux-gnu/ld-2.23.so
7f38542b0000-7f3854383000 rw-p 00000000 00:00 0 
7f3854383000-7f3854384000 ---p 00000000 00:00 0 
7f3854384000-7f3854489000 rw-p 00000000 00:00 0 
7f3854489000-7f385448b000 r--s 00003000 08:02 16664278                   /home/ken/Downloads/cs416.jar
7f385448b000-7f385448f000 r--s 00097000 08:02 30933968                   /usr/lib/jvm/java-8-openjdk-amd64/jre/lib/jsse.jar
7f385448f000-7f3854490000 r--s 00010000 08:02 31064533                   /usr/lib/jvm/java-8-openjdk-amd64/jre/lib/ext/zipfs.jar
7f3854490000-7f3854491000 r--s 00008000 08:02 31064524                   /usr/lib/jvm/java-8-openjdk-amd64/jre/lib/ext/sunec.jar
7f3854491000-7f3854494000 r--s 0000f000 08:02 31064515                   /usr/lib/jvm/java-8-openjdk-amd64/jre/lib/ext/icedtea-sound.jar
7f3854494000-7f3854495000 r--s 0000a000 08:02 31064517                   /usr/lib/jvm/java-8-openjdk-amd64/jre/lib/ext/jaccess.jar
7f3854495000-7f3854499000 r--s 00037000 08:02 31064532                   /usr/lib/jvm/java-8-openjdk-amd64/jre/lib/ext/sunpkcs11.jar
7f3854499000-7f385449f000 r--s 0003a000 08:02 31064531                   /usr/lib/jvm/java-8-openjdk-amd64/jre/lib/ext/sunjce_provider.jar
7f385449f000-7f38544a1000 r--s 00001000 08:02 31064513                   /usr/lib/jvm/java-8-openjdk-amd64/jre/lib/ext/dnsns.jar
7f38544a1000-7f38544a9000 rw-s 00000000 08:02 41418764                   /tmp/hsperfdata_ken/21957
7f38544a9000-7f38544aa000 rw-p 00000000 00:00 0 
7f38544aa000-7f38544ab000 r--p 00000000 00:00 0 
7f38544ab000-7f38544ad000 rw-p 00000000 00:00 0 
7f38544ad000-7f38544ae000 r--p 00025000 08:02 8126717                    /lib/x86_64-linux-gnu/ld-2.23.so
7f38544ae000-7f38544af000 rw-p 00026000 08:02 8126717                    /lib/x86_64-linux-gnu/ld-2.23.so
7f38544af000-7f38544b0000 rw-p 00000000 00:00 0 
7fff46674000-7fff46695000 rw-p 00000000 00:00 0                          [stack]
7fff4669a000-7fff4669c000 r--p 00000000 00:00 0                          [vvar]
7fff4669c000-7fff4669e000 r-xp 00000000 00:00 0                          [vdso]
ffffffffff600000-ffffffffff601000 r-xp 00000000 00:00 0                  [vsyscall]

VM Arguments:
jvm_args: -ea -Xrunjdwp:transport=dt_socket,server=y,suspend=n,address=36519 -Xdebug -Xnoagent -Djava.compiler=NONE -Xmx4096M -Xss50m -Ddrjava.debug.port=36519 -Dedu.rice.cs.cunit.concJUnit.check.join.enabled=false -Dedu.rice.cs.cunit.concJUnit.check.lucky.enabled=false -Dedu.rice.cs.cunit.concJUnit.check.threads.enabled=false -Djava.rmi.server.hostname=127.0.0.1 
java_command: edu.rice.cs.plt.concurrent.ProcessTaskController$Runner
java_class_path (initial): /home/ken/Downloads/drjava-stable-20140826-r5761.jar
Launcher Type: SUN_STANDARD

Environment Variables:
PATH=/home/ken/bin:/usr/local/sbin:/usr/local/bin:/usr/sbin:/usr/bin:/sbin:/bin:/usr/games:/usr/local/games:/snap/bin
SHELL=/bin/bash
DISPLAY=:0

Signal Handlers:
SIGSEGV: [libjvm.so+0xa5e090], sa_mask[0]=11111111011111111101111111111110, sa_flags=SA_RESTART|SA_SIGINFO
SIGBUS: [libjvm.so+0xa5e090], sa_mask[0]=11111111011111111101111111111110, sa_flags=SA_RESTART|SA_SIGINFO
SIGFPE: [libjvm.so+0x8a9800], sa_mask[0]=11111111011111111101111111111110, sa_flags=SA_RESTART|SA_SIGINFO
SIGPIPE: [libjvm.so+0x8a9800], sa_mask[0]=11111111011111111101111111111110, sa_flags=SA_RESTART|SA_SIGINFO
SIGXFSZ: [libjvm.so+0x8a9800], sa_mask[0]=11111111011111111101111111111110, sa_flags=SA_RESTART|SA_SIGINFO
SIGILL: [libjvm.so+0x8a9800], sa_mask[0]=11111111011111111101111111111110, sa_flags=SA_RESTART|SA_SIGINFO
SIGUSR1: SIG_DFL, sa_mask[0]=00000000000000000000000000000000, sa_flags=none
SIGUSR2: [libjvm.so+0x8a96b0], sa_mask[0]=00100000000000000000000000000000, sa_flags=SA_RESTART|SA_SIGINFO
SIGHUP: [libjvm.so+0x8a9b80], sa_mask[0]=11111111011111111101111111111110, sa_flags=SA_RESTART|SA_SIGINFO
SIGINT: [libjvm.so+0x8a9b80], sa_mask[0]=11111111011111111101111111111110, sa_flags=SA_RESTART|SA_SIGINFO
SIGTERM: [libjvm.so+0x8a9b80], sa_mask[0]=11111111011111111101111111111110, sa_flags=SA_RESTART|SA_SIGINFO
SIGQUIT: [libjvm.so+0x8a9b80], sa_mask[0]=11111111011111111101111111111110, sa_flags=SA_RESTART|SA_SIGINFO


---------------  S Y S T E M  ---------------

OS:DISTRIB_ID=Ubuntu
DISTRIB_RELEASE=16.10
DISTRIB_CODENAME=yakkety
DISTRIB_DESCRIPTION="Ubuntu Yakkety Yak (development branch)"

uname:Linux 4.7.0-040700rc6-generic #201607040332 SMP Mon Jul 4 07:34:26 UTC 2016 x86_64
libc:glibc 2.23 NPTL 2.23 
rlimit: STACK 8192k, CORE 0k, NPROC 30484, NOFILE 65536, AS infinity
load average:0.19 0.16 0.11

/proc/meminfo:
MemTotal:        8069268 kB
MemFree:         3777660 kB
MemAvailable:    6255604 kB
Buffers:          286652 kB
Cached:          2843740 kB
SwapCached:            0 kB
Active:          2819768 kB
Inactive:        1153564 kB
Active(anon):     849120 kB
Inactive(anon):   521620 kB
Active(file):    1970648 kB
Inactive(file):   631944 kB
Unevictable:         140 kB
Mlocked:             140 kB
SwapTotal:       8278012 kB
SwapFree:        8278012 kB
Dirty:                88 kB
Writeback:          6184 kB
AnonPages:        791952 kB
Mapped:           299820 kB
Shmem:            528132 kB
Slab:             237072 kB
SReclaimable:     184564 kB
SUnreclaim:        52508 kB
KernelStack:        6816 kB
PageTables:        23588 kB
NFS_Unstable:          0 kB
Bounce:                0 kB
WritebackTmp:          0 kB
CommitLimit:    12312644 kB
Committed_AS:    6900872 kB
VmallocTotal:   34359738367 kB
VmallocUsed:           0 kB
VmallocChunk:          0 kB
HardwareCorrupted:     0 kB
AnonHugePages:         0 kB
HugePages_Total:       0
HugePages_Free:        0
HugePages_Rsvd:        0
HugePages_Surp:        0
Hugepagesize:       2048 kB
DirectMap4k:      219520 kB
DirectMap2M:     8058880 kB
DirectMap1G:           0 kB


CPU:total 4 (2 cores per cpu, 2 threads per core) family 6 model 78 stepping 3, cmov, cx8, fxsr, mmx, sse, sse2, sse3, ssse3, sse4.1, sse4.2, popcnt, avx, avx2, aes, clmul, erms, 3dnowpref, lzcnt, ht, tsc, tscinvbit, bmi1, bmi2, adx

/proc/cpuinfo:
processor	: 0
vendor_id	: GenuineIntel
cpu family	: 6
model		: 78
model name	: Intel(R) Core(TM) i5-6200U CPU @ 2.30GHz
stepping	: 3
microcode	: 0x8a
cpu MHz		: 2699.853
cache size	: 3072 KB
physical id	: 0
siblings	: 4
core id		: 0
cpu cores	: 2
apicid		: 0
initial apicid	: 0
fpu		: yes
fpu_exception	: yes
cpuid level	: 22
wp		: yes
flags		: fpu vme de pse tsc msr pae mce cx8 apic sep mtrr pge mca cmov pat pse36 clflush dts acpi mmx fxsr sse sse2 ss ht tm pbe syscall nx pdpe1gb rdtscp lm constant_tsc art arch_perfmon pebs bts rep_good nopl xtopology nonstop_tsc aperfmperf eagerfpu pni pclmulqdq dtes64 monitor ds_cpl vmx est tm2 ssse3 sdbg fma cx16 xtpr pdcm pcid sse4_1 sse4_2 x2apic movbe popcnt tsc_deadline_timer aes xsave avx f16c rdrand lahf_lm abm 3dnowprefetch epb intel_pt tpr_shadow vnmi flexpriority ept vpid fsgsbase tsc_adjust bmi1 avx2 smep bmi2 erms invpcid mpx rdseed adx smap clflushopt xsaveopt xsavec xgetbv1 dtherm ida arat pln pts hwp hwp_notify hwp_act_window hwp_epp
bugs		:
bogomips	: 4799.92
clflush size	: 64
cache_alignment	: 64
address sizes	: 39 bits physical, 48 bits virtual
power management:

processor	: 1
vendor_id	: GenuineIntel
cpu family	: 6
model		: 78
model name	: Intel(R) Core(TM) i5-6200U CPU @ 2.30GHz
stepping	: 3
microcode	: 0x8a
cpu MHz		: 2699.853
cache size	: 3072 KB
physical id	: 0
siblings	: 4
core id		: 1
cpu cores	: 2
apicid		: 2
initial apicid	: 2
fpu		: yes
fpu_exception	: yes
cpuid level	: 22
wp		: yes
flags		: fpu vme de pse tsc msr pae mce cx8 apic sep mtrr pge mca cmov pat pse36 clflush dts acpi mmx fxsr sse sse2 ss ht tm pbe syscall nx pdpe1gb rdtscp lm constant_tsc art arch_perfmon pebs bts rep_good nopl xtopology nonstop_tsc aperfmperf eagerfpu pni pclmulqdq dtes64 monitor ds_cpl vmx est tm2 ssse3 sdbg fma cx16 xtpr pdcm pcid sse4_1 sse4_2 x2apic movbe popcnt tsc_deadline_timer aes xsave avx f16c rdrand lahf_lm abm 3dnowprefetch epb intel_pt tpr_shadow vnmi flexpriority ept vpid fsgsbase tsc_adjust bmi1 avx2 smep bmi2 erms invpcid mpx rdseed adx smap clflushopt xsaveopt xsavec xgetbv1 dtherm ida arat pln pts hwp hwp_notify hwp_act_window hwp_epp
bugs		:
bogomips	: 4800.66
clflush size	: 64
cache_alignment	: 64
address sizes	: 39 bits physical, 48 bits virtual
power management:

processor	: 2
vendor_id	: GenuineIntel
cpu family	: 6
model		: 78
model name	: Intel(R) Core(TM) i5-6200U CPU @ 2.30GHz
stepping	: 3
microcode	: 0x8a
cpu MHz		: 2700.000
cache size	: 3072 KB
physical id	: 0
siblings	: 4
core id		: 0
cpu cores	: 2
apicid		: 1
initial apicid	: 1
fpu		: yes
fpu_exception	: yes
cpuid level	: 22
wp		: yes
flags		: fpu vme de pse tsc msr pae mce cx8 apic sep mtrr pge mca cmov pat pse36 clflush dts acpi mmx fxsr sse sse2 ss ht tm pbe syscall nx pdpe1gb rdtscp lm constant_tsc art arch_perfmon pebs bts rep_good nopl xtopology nonstop_tsc aperfmperf eagerfpu pni pclmulqdq dtes64 monitor ds_cpl vmx est tm2 ssse3 sdbg fma cx16 xtpr pdcm pcid sse4_1 sse4_2 x2apic movbe popcnt tsc_deadline_timer aes xsave avx f16c rdrand lahf_lm abm 3dnowprefetch epb intel_pt tpr_shadow vnmi flexpriority ept vpid fsgsbase tsc_adjust bmi1 avx2 smep bmi2 erms invpcid mpx rdseed adx smap clflushopt xsaveopt xsavec xgetbv1 dtherm ida arat pln pts hwp hwp_notify hwp_act_window hwp_epp
bugs		:
bogomips	: 4800.92
clflush size	: 64
cache_alignment	: 64
address sizes	: 39 bits physical, 48 bits virtual
power management:

processor	: 3
vendor_id	: GenuineIntel
cpu family	: 6
model		: 78
model name	: Intel(R) Core(TM) i5-6200U CPU @ 2.30GHz
stepping	: 3
microcode	: 0x8a
cpu MHz		: 2699.853
cache size	: 3072 KB
physical id	: 0
siblings	: 4
core id		: 1
cpu cores	: 2
apicid		: 3
initial apicid	: 3
fpu		: yes
fpu_exception	: yes
cpuid level	: 22
wp		: yes
flags		: fpu vme de pse tsc msr pae mce cx8 apic sep mtrr pge mca cmov pat pse36 clflush dts acpi mmx fxsr sse sse2 ss ht tm pbe syscall nx pdpe1gb rdtscp lm constant_tsc art arch_perfmon pebs bts rep_good nopl xtopology nonstop_tsc aperfmperf eagerfpu pni pclmulqdq dtes64 monitor ds_cpl vmx est tm2 ssse3 sdbg fma cx16 xtpr pdcm pcid sse4_1 sse4_2 x2apic movbe popcnt tsc_deadline_timer aes xsave avx f16c rdrand lahf_lm abm 3dnowprefetch epb intel_pt tpr_shadow vnmi flexpriority ept vpid fsgsbase tsc_adjust bmi1 avx2 smep bmi2 erms invpcid mpx rdseed adx smap clflushopt xsaveopt xsavec xgetbv1 dtherm ida arat pln pts hwp hwp_notify hwp_act_window hwp_epp
bugs		:
bogomips	: 4800.67
clflush size	: 64
cache_alignment	: 64
address sizes	: 39 bits physical, 48 bits virtual
power management:



Memory: 4k page, physical 8069268k(4001076k free), swap 8278012k(8278012k free)

vm_info: OpenJDK 64-Bit Server VM (25.91-b14) for linux-amd64 JRE (1.8.0_91-8u91-b14-3-b14), built on Jun 25 2016 01:01:42 by "buildd" with gcc 5.4.0 20160609

time: Fri Jul  8 17:42:59 2016
elapsed time: 7745 seconds (0d 2h 9m 5s)

